#
# A fatal error has been detected by the Java Runtime Environment:
#
#  SIGSEGV (0xb) at pc=0x000000011b6644b9, pid=3118, tid=41239
#
# JRE version: Java(TM) SE Runtime Environment (7.0_40-b43) (build 1.7.0_40-b43)
# Java VM: Java HotSpot(TM) 64-Bit Server VM (24.0-b56 mixed mode bsd-amd64 compressed oops)
# Problematic frame:
# C  [liblwawt.dylib+0x124b9]  OGLSD_SetScratchSurface+0x3d
#
# Failed to write core dump. Core dumps have been disabled. To enable core dumping, try "ulimit -c unlimited" before starting Java again
#
# If you would like to submit a bug report, please visit:
#   http://bugreport.sun.com/bugreport/crash.jsp
# The crash happened outside the Java Virtual Machine in native code.
# See problematic frame for where to report the bug.
#

---------------  T H R E A D  ---------------

Current thread (0x00007fab1a87a000):  JavaThread "Java2D Queue Flusher" daemon [_thread_in_native, id=41239, stack(0x000000011f152000,0x000000011f252000)]

siginfo:si_signo=SIGSEGV: si_errno=0, si_code=1 (SEGV_MAPERR), si_addr=0x0000000000000000

Registers:
RAX=0x00007fab1a093050, RBX=0x00007fab1a87a1e8, RCX=0x00007fab1a093058, RDX=0x00000000a1a1a1a1
RSP=0x000000011f251860, RBP=0x000000011f251880, RSI=0x00007fab1a093000, RDI=0x00007fab1a093050
R8 =0x00000001185c0000, R9 =0x00000001186bffff, R10=0x0000000000000001, R11=0x00000000000007e0
R12=0x0000000000000000, R13=0x00000006fb1e7130, R14=0x00007fab19330002, R15=0x0000000000000000
RIP=0x000000011b6644b9, EFLAGS=0x0000000000010202, ERR=0x0000000000000004
  TRAPNO=0x000000000000000e

Top of Stack: (sp=0x000000011f251860)
0x000000011f251860:   00007fab1933dde0 0000000000000000
0x000000011f251870:   00007fab1a88f250 00007fab195545f0
0x000000011f251880:   000000011f251900 000000011b659f06
0x000000011f251890:   00007fab1a87a000 000000000000b303
0x000000011f2518a0:   00007fab19341e00 0000000200000001
0x000000011f2518b0:   00000000fb947938 0000000000000000
0x000000011f2518c0:   0000000000000000 00007fab1a88f260
0x000000011f2518d0:   0000000100251940 00007fab1a87a1e8
0x000000011f2518e0:   00000006fb1e7130 0000000000000000
0x000000011f2518f0:   000000011f2519a8 00007fab1a87a000
0x000000011f251900:   000000011f251970 000000010ba5e698
0x000000011f251910:   00007fab1a87a000 00007fab18412768
0x000000011f251920:   000000011f251950 000000010b2e2bb3
0x000000011f251930:   000000011f251930 0000000000000000
0x000000011f251940:   000000011f2519a8 00000006fb1e8908
0x000000011f251950:   0000000000000000 00000006fb1e7130
0x000000011f251960:   0000000000000000 000000011f251990
0x000000011f251970:   000000011f2519f0 000000010ba52058
0x000000011f251980:   0000000000000000 000000010ba5acd8
0x000000011f251990:   0000000000000060 00007fab1a88f200
0x000000011f2519a0:   00000007aeb83010 00000007aeb82ff8
0x000000011f2519b0:   000000011f2519b0 00000006fb1e7215
0x000000011f2519c0:   000000011f251a08 00000006fb1e8908
0x000000011f2519d0:   0000000000000000 00000006fb1e7238
0x000000011f2519e0:   000000011f251990 000000011f251a10
0x000000011f2519f0:   00000007aeb3c4c0 000000010baf6ee0
0x000000011f251a00:   0000000000000060 00000007aeb82ff8
0x000000011f251a10:   0000000600000000 00000007aeb3c4c0
0x000000011f251a20:   0000000000000000 000000011f251a58
0x000000011f251a30:   0000000000000001 000000010ba4c4e7
0x000000011f251a40:   000000011f251ac0 000000010ba4c4e7
0x000000011f251a50:   0000000000000001 00000007aab49e40 

Instructions: (pc=0x000000011b6644b9)
0x000000011b664499:   c0 be 01 00 00 00 e8 2a 27 03 00 31 c0 eb 6d 48
0x000000011b6644a9:   89 fb 4c 8b 76 10 4d 8b 3e 30 c0 e8 e9 2b 03 00
0x000000011b6644b9:   49 8b 3f 49 89 c4 48 8b 35 02 75 06 00 30 c0 e8
0x000000011b6644c9:   5b 2d 03 00 48 85 c0 75 4c 30 c0 e8 1f 61 ff ff 

Register to memory mapping:

RAX=0x00007fab1a093050 is an unknown value
RBX=0x00007fab1a87a1e8 is an unknown value
RCX=0x00007fab1a093058 is an unknown value
RDX=0x00000000a1a1a1a1 is an unknown value
RSP=0x000000011f251860 is pointing into the stack for thread: 0x00007fab1a87a000
RBP=0x000000011f251880 is pointing into the stack for thread: 0x00007fab1a87a000
RSI=0x00007fab1a093000 is an unknown value
RDI=0x00007fab1a093050 is an unknown value
R8 =0x00000001185c0000 is an unknown value
R9 =0x00000001186bffff is an unknown value
R10=0x0000000000000001 is an unknown value
R11=0x00000000000007e0 is an unknown value
R12=0x0000000000000000 is an unknown value
R13=0x00000006fb1e7130 is an oop
{method} 
 - klass: {other class}
R14=0x00007fab19330002 is an unknown value
R15=0x0000000000000000 is an unknown value


Stack: [0x000000011f152000,0x000000011f252000],  sp=0x000000011f251860,  free space=1022k
Native frames: (J=compiled Java code, j=interpreted, Vv=VM code, C=native code)
C  [liblwawt.dylib+0x124b9]  OGLSD_SetScratchSurface+0x3d
C  [liblwawt.dylib+0x7f06]  Java_sun_java2d_opengl_OGLRenderQueue_flushBuffer+0x63a
j  sun.java2d.opengl.OGLRenderQueue.flushBuffer(JI)V+0
j  sun.java2d.opengl.OGLRenderQueue.flushBuffer()V+21

Java frames: (J=compiled Java code, j=interpreted, Vv=VM code)
j  sun.java2d.opengl.OGLRenderQueue.flushBuffer(JI)V+0
j  sun.java2d.opengl.OGLRenderQueue.flushBuffer()V+21
J  sun.java2d.opengl.OGLRenderQueue$QueueFlusher.run()V
v  ~StubRoutines::call_stub

---------------  P R O C E S S  ---------------

Java Threads: ( => current thread )
  0x00007fab1a1c8800 JavaThread "TimerQueue" daemon [_thread_blocked, id=53507, stack(0x0000000123b94000,0x0000000123c94000)]
  0x00007fab1a14a000 JavaThread "DestroyJavaVM" [_thread_blocked, id=6403, stack(0x000000010b877000,0x000000010b977000)]
  0x00007fab1a8a7000 JavaThread "AWT-EventQueue-0" [_thread_blocked, id=50695, stack(0x00000001220b6000,0x00000001221b6000)]
  0x00007fab1a873000 JavaThread "Java2D Disposer" daemon [_thread_blocked, id=45827, stack(0x0000000120518000,0x0000000120618000)]
=>0x00007fab1a87a000 JavaThread "Java2D Queue Flusher" daemon [_thread_in_native, id=41239, stack(0x000000011f152000,0x000000011f252000)]
  0x00007fab19854000 JavaThread "AWT-Shutdown" [_thread_blocked, id=30979, stack(0x000000011c9a9000,0x000000011caa9000)]
  0x00007fab1a048000 JavaThread "AppKit Thread" daemon [_thread_blocked, id=1799, stack(0x00007fff54709000,0x00007fff54f09000)]
  0x00007fab1a81f800 JavaThread "Service Thread" daemon [_thread_blocked, id=25091, stack(0x000000011b270000,0x000000011b370000)]
  0x00007fab1a81e800 JavaThread "C2 CompilerThread1" daemon [_thread_blocked, id=24579, stack(0x000000011b16d000,0x000000011b26d000)]
  0x00007fab1a804000 JavaThread "C2 CompilerThread0" daemon [_thread_blocked, id=24067, stack(0x000000011b06a000,0x000000011b16a000)]
  0x00007fab1a817000 JavaThread "Signal Dispatcher" daemon [_thread_blocked, id=23555, stack(0x000000011af67000,0x000000011b067000)]
  0x00007fab1a045800 JavaThread "Finalizer" daemon [_thread_blocked, id=18947, stack(0x000000011ad16000,0x000000011ae16000)]
  0x00007fab1a042800 JavaThread "Reference Handler" daemon [_thread_blocked, id=18435, stack(0x000000011ac13000,0x000000011ad13000)]

Other Threads:
  0x00007fab1a042000 VMThread [stack: 0x000000011ab10000,0x000000011ac10000] [id=17923]
  0x00007fab1a818000 WatcherThread [stack: 0x000000011b373000,0x000000011b473000] [id=25603]

VM state:not at safepoint (normal execution)

VM Mutex/Monitor currently owned by a thread: None

Heap
 PSYoungGen      total 76800K, used 15720K [0x00000007aaa80000, 0x00000007b0000000, 0x0000000800000000)
  eden space 66048K, 7% used [0x00000007aaa80000,0x00000007aaf5db68,0x00000007aeb00000)
  from space 10752K, 99% used [0x00000007aeb00000,0x00000007af57c850,0x00000007af580000)
  to   space 10752K, 0% used [0x00000007af580000,0x00000007af580000,0x00000007b0000000)
 ParOldGen       total 174592K, used 1047K [0x0000000700000000, 0x000000070aa80000, 0x00000007aaa80000)
  object space 174592K, 0% used [0x0000000700000000,0x0000000700105cf8,0x000000070aa80000)
 PSPermGen       total 21504K, used 12368K [0x00000006fae00000, 0x00000006fc300000, 0x0000000700000000)
  object space 21504K, 57% used [0x00000006fae00000,0x00000006fba14120,0x00000006fc300000)

Card table byte_map: [0x000000010eb0c000,0x000000010f336000] byte_map_base: 0x000000010b335000

Polling page: 0x000000010b9b6000

Code Cache  [0x000000010ba4c000, 0x000000010bcbc000, 0x000000010ea4c000)
 total_blobs=562 nmethods=93 adapters=423 free_code_cache=48488Kb largest_free_block=49627520

Compilation events (10 events):
Event: 1020.684 Thread 0x00007fab1a804000 nmethod 88 0x000000010baee090 code [0x000000010baee1e0, 0x000000010baee2f8]
Event: 1020.684 Thread 0x00007fab1a81e800 nmethod 89 0x000000010baf4dd0 code [0x000000010baf4f20, 0x000000010baf5018]
Event: 1089.334 Thread 0x00007fab1a804000   90             sun.java2d.opengl.OGLRenderQueue::access$000 (5 bytes)
Event: 1089.335 Thread 0x00007fab1a804000 nmethod 90 0x000000010baf6550 code [0x000000010baf6680, 0x000000010baf66d8]
Event: 1383.355 Thread 0x00007fab1a81e800   91 %s!         sun.java2d.opengl.OGLRenderQueue$QueueFlusher::run @ 2 (234 bytes)
Event: 1383.365 Thread 0x00007fab1a81e800 nmethod 91% 0x000000010baf69d0 code [0x000000010baf6c20, 0x000000010baf74b8]
Event: 10534.137 Thread 0x00007fab1a804000   92             java.util.Arrays::fill (21 bytes)
Event: 10534.140 Thread 0x00007fab1a804000 nmethod 92 0x000000010baf61d0 code [0x000000010baf6320, 0x000000010baf6478]
Event: 10601.643 Thread 0x00007fab1a81e800   93             sun.java2d.pipe.Region::dimAdd (20 bytes)
Event: 10601.644 Thread 0x00007fab1a81e800 nmethod 93 0x000000010baf6750 code [0x000000010baf6880, 0x000000010baf68d8]

GC Heap History (2 events):
Event: 10601.653 GC heap before
{Heap before GC invocations=1 (full 0):
 PSYoungGen      total 76800K, used 65951K [0x00000007aaa80000, 0x00000007b0000000, 0x0000000800000000)
  eden space 66048K, 99% used [0x00000007aaa80000,0x00000007aeae7f60,0x00000007aeb00000)
  from space 10752K, 0% used [0x00000007af580000,0x00000007af580000,0x00000007b0000000)
  to   space 10752K, 0% used [0x00000007aeb00000,0x00000007aeb00000,0x00000007af580000)
 ParOldGen       total 174592K, used 0K [0x0000000700000000, 0x000000070aa80000, 0x00000007aaa80000)
  object space 174592K, 0% used [0x0000000700000000,0x0000000700000000,0x000000070aa80000)
 PSPermGen       total 21504K, used 12368K [0x00000006fae00000, 0x00000006fc300000, 0x0000000700000000)
  object space 21504K, 57% used [0x00000006fae00000,0x00000006fba14120,0x00000006fc300000)
Event: 10601.676 GC heap after
Heap after GC invocations=1 (full 0):
 PSYoungGen      total 76800K, used 10738K [0x00000007aaa80000, 0x00000007b0000000, 0x0000000800000000)
  eden space 66048K, 0% used [0x00000007aaa80000,0x00000007aaa80000,0x00000007aeb00000)
  from space 10752K, 99% used [0x00000007aeb00000,0x00000007af57c850,0x00000007af580000)
  to   space 10752K, 0% used [0x00000007af580000,0x00000007af580000,0x00000007b0000000)
 ParOldGen       total 174592K, used 1047K [0x0000000700000000, 0x000000070aa80000, 0x00000007aaa80000)
  object space 174592K, 0% used [0x0000000700000000,0x0000000700105cf8,0x000000070aa80000)
 PSPermGen       total 21504K, used 12368K [0x00000006fae00000, 0x00000006fc300000, 0x0000000700000000)
  object space 21504K, 57% used [0x00000006fae00000,0x00000006fba14120,0x00000006fc300000)
}

Deoptimization events (10 events):
Event: 0.642 Thread 0x00007fab1b800000 Uncommon trap: reason=class_check action=maybe_recompile pc=0x000000010bac1fcc method=java.lang.String.equals(Ljava/lang/Object;)Z @ 8
Event: 0.642 Thread 0x00007fab1b800000 Uncommon trap: reason=class_check action=maybe_recompile pc=0x000000010bac1fcc method=java.lang.String.equals(Ljava/lang/Object;)Z @ 8
Event: 0.643 Thread 0x00007fab1b800000 Uncommon trap: reason=class_check action=maybe_recompile pc=0x000000010bac1fcc method=java.lang.String.equals(Ljava/lang/Object;)Z @ 8
Event: 0.643 Thread 0x00007fab1b800000 Uncommon trap: reason=class_check action=maybe_recompile pc=0x000000010bac1fcc method=java.lang.String.equals(Ljava/lang/Object;)Z @ 8
Event: 0.676 Thread 0x00007fab1a8a7000 Uncommon trap: reason=unloaded action=reinterpret pc=0x000000010bacbf80 method=java.lang.CharacterData.of(I)Ljava/lang/CharacterData; @ 96
Event: 181.133 Thread 0x00007fab1a8a7000 Uncommon trap: reason=bimorphic action=maybe_recompile pc=0x000000010bae8a8c method=java.awt.Toolkit$SelectiveAWTEventListener.eventDispatched(Ljava/awt/AWTEvent;)V @ 733
Event: 181.133 Thread 0x00007fab1a8a7000 Uncommon trap: reason=bimorphic action=maybe_recompile pc=0x000000010bae8a8c method=java.awt.Toolkit$SelectiveAWTEventListener.eventDispatched(Ljava/awt/AWTEvent;)V @ 733
Event: 181.474 Thread 0x00007fab1a8a7000 Uncommon trap: reason=bimorphic action=maybe_recompile pc=0x000000010bae8a8c method=java.awt.Toolkit$SelectiveAWTEventListener.eventDispatched(Ljava/awt/AWTEvent;)V @ 733
Event: 181.490 Thread 0x00007fab1a8a7000 Uncommon trap: reason=bimorphic action=maybe_recompile pc=0x000000010bae8a8c method=java.awt.Toolkit$SelectiveAWTEventListener.eventDispatched(Ljava/awt/AWTEvent;)V @ 733
Event: 10534.186 Thread 0x00007fab1a87a000 Uncommon trap: reason=predicate action=maybe_recompile pc=0x000000010baf6440 method=java.util.Arrays.fill([Ljava/lang/Object;Ljava/lang/Object;)V @ 10

Internal exceptions (10 events):
Event: 184.446 Thread 0x00007fab1a8a7000 Threw 0x00000007aba78468 at /HUDSON/workspace/jdk7u40-2-build-macosx-amd64-product/jdk7u40/hotspot/src/share/vm/prims/jvm.cpp:1244
Event: 184.447 Thread 0x00007fab1a8a7000 Threw 0x00000007aba7bad8 at /HUDSON/workspace/jdk7u40-2-build-macosx-amd64-product/jdk7u40/hotspot/src/share/vm/prims/jvm.cpp:1244
Event: 184.449 Thread 0x00007fab1a8a7000 Threw 0x00000007aba7edc8 at /HUDSON/workspace/jdk7u40-2-build-macosx-amd64-product/jdk7u40/hotspot/src/share/vm/prims/jvm.cpp:1244
Event: 184.450 Thread 0x00007fab1a8a7000 Threw 0x00000007aba82288 at /HUDSON/workspace/jdk7u40-2-build-macosx-amd64-product/jdk7u40/hotspot/src/share/vm/prims/jvm.cpp:1244
Event: 184.451 Thread 0x00007fab1a8a7000 Threw 0x00000007aba86fb8 at /HUDSON/workspace/jdk7u40-2-build-macosx-amd64-product/jdk7u40/hotspot/src/share/vm/prims/jvm.cpp:1244
Event: 184.451 Thread 0x00007fab1a8a7000 Threw 0x00000007aba8a880 at /HUDSON/workspace/jdk7u40-2-build-macosx-amd64-product/jdk7u40/hotspot/src/share/vm/prims/jvm.cpp:1244
Event: 184.453 Thread 0x00007fab1a8a7000 Threw 0x00000007aba92e88 at /HUDSON/workspace/jdk7u40-2-build-macosx-amd64-product/jdk7u40/hotspot/src/share/vm/prims/jvm.cpp:1244
Event: 184.454 Thread 0x00007fab1a8a7000 Threw 0x00000007aba98308 at /HUDSON/workspace/jdk7u40-2-build-macosx-amd64-product/jdk7u40/hotspot/src/share/vm/prims/jni.cpp:1632
Event: 184.456 Thread 0x00007fab1a8a7000 Threw 0x00000007abaa7228 at /HUDSON/workspace/jdk7u40-2-build-macosx-amd64-product/jdk7u40/hotspot/src/share/vm/prims/jni.cpp:1632
Event: 184.475 Thread 0x00007fab1a8a7000 Threw 0x00000007abadf6b8 at /HUDSON/workspace/jdk7u40-2-build-macosx-amd64-product/jdk7u40/hotspot/src/share/vm/prims/jvm.cpp:1244

Events (10 events):
Event: 10601.682 Executing VM operation: RevokeBias
Event: 10601.682 Executing VM operation: RevokeBias done
Event: 10601.682 Executing VM operation: BulkRevokeBias
Event: 10601.682 Executing VM operation: BulkRevokeBias done
Event: 10601.682 Executing VM operation: BulkRevokeBias
Event: 10601.682 Executing VM operation: BulkRevokeBias done
Event: 10601.701 Executing VM operation: RevokeBias
Event: 10601.701 Executing VM operation: RevokeBias done
Event: 10601.733 Executing VM operation: RevokeBias
Event: 10601.733 Executing VM operation: RevokeBias done


Dynamic libraries:
0x00000000088e7000 	/System/Library/Frameworks/Cocoa.framework/Versions/A/Cocoa
0x00000000088e7000 	/System/Library/Frameworks/Security.framework/Versions/A/Security
0x00000000088e7000 	/System/Library/Frameworks/ApplicationServices.framework/Versions/A/ApplicationServices
0x00000000088e7000 	/usr/lib/libz.1.dylib
0x00000000088e7000 	/usr/lib/libSystem.B.dylib
0x00000000088e7000 	/usr/lib/libobjc.A.dylib
0x00000000088e7000 	/System/Library/Frameworks/CoreFoundation.framework/Versions/A/CoreFoundation
0x00000000088e7000 	/System/Library/Frameworks/Foundation.framework/Versions/C/Foundation
0x00000000088e7000 	/System/Library/Frameworks/AppKit.framework/Versions/C/AppKit
0x00000000088e7000 	/System/Library/Frameworks/CoreData.framework/Versions/A/CoreData
0x00000000088e7000 	/System/Library/PrivateFrameworks/RemoteViewServices.framework/Versions/A/RemoteViewServices
0x00000000088e7000 	/System/Library/Frameworks/AudioToolbox.framework/Versions/A/AudioToolbox
0x00000000088e7000 	/System/Library/Frameworks/AudioUnit.framework/Versions/A/AudioUnit
0x00000000088e7000 	/System/Library/PrivateFrameworks/DataDetectorsCore.framework/Versions/A/DataDetectorsCore
0x00000000088e7000 	/System/Library/PrivateFrameworks/DesktopServicesPriv.framework/Versions/A/DesktopServicesPriv
0x00000000088e7000 	/System/Library/Frameworks/Carbon.framework/Versions/A/Frameworks/HIToolbox.framework/Versions/A/HIToolbox
0x00000000088e7000 	/System/Library/Frameworks/QuartzCore.framework/Versions/A/QuartzCore
0x00000000088e7000 	/System/Library/Frameworks/Carbon.framework/Versions/A/Frameworks/SpeechRecognition.framework/Versions/A/SpeechRecognition
0x00000000088e7000 	/usr/lib/libauto.dylib
0x00000000088e7000 	/usr/lib/libicucore.A.dylib
0x00000000088e7000 	/usr/lib/libxml2.2.dylib
0x00000000088e7000 	/System/Library/PrivateFrameworks/CoreUI.framework/Versions/A/CoreUI
0x00000000088e7000 	/System/Library/Frameworks/CoreAudio.framework/Versions/A/CoreAudio
0x00000000088e7000 	/System/Library/Frameworks/DiskArbitration.framework/Versions/A/DiskArbitration
0x00000000088e7000 	/usr/lib/liblangid.dylib
0x00000000088e7000 	/System/Library/PrivateFrameworks/MultitouchSupport.framework/Versions/A/MultitouchSupport
0x00000000088e7000 	/System/Library/Frameworks/IOKit.framework/Versions/A/IOKit
0x00000000088e7000 	/usr/lib/libDiagnosticMessagesClient.dylib
0x00000000088e7000 	/System/Library/Frameworks/CoreServices.framework/Versions/A/CoreServices
0x00000000088e7000 	/System/Library/PrivateFrameworks/PerformanceAnalysis.framework/Versions/A/PerformanceAnalysis
0x00000000088e7000 	/System/Library/PrivateFrameworks/GenerationalStorage.framework/Versions/A/GenerationalStorage
0x00000000088e7000 	/System/Library/Frameworks/OpenGL.framework/Versions/A/OpenGL
0x00000000088e7000 	/System/Library/Frameworks/CoreText.framework/Versions/A/CoreText
0x00000000088e7000 	/System/Library/Frameworks/ImageIO.framework/Versions/A/ImageIO
0x00000000088e7000 	/System/Library/PrivateFrameworks/Backup.framework/Versions/A/Backup
0x00000000088e7000 	/System/Library/Frameworks/CFNetwork.framework/Versions/A/CFNetwork
0x00000000088e7000 	/System/Library/Frameworks/SystemConfiguration.framework/Versions/A/SystemConfiguration
0x00000000088e7000 	/usr/lib/libCRFSuite.dylib
0x00000000088e7000 	/System/Library/PrivateFrameworks/TCC.framework/Versions/A/TCC
0x00000000088e7000 	/usr/lib/libc++.1.dylib
0x00000000088e7000 	/usr/lib/libc++abi.dylib
0x00000000088e7000 	/usr/lib/system/libcache.dylib
0x00000000088e7000 	/usr/lib/system/libcommonCrypto.dylib
0x00000000088e7000 	/usr/lib/system/libcompiler_rt.dylib
0x00000000088e7000 	/usr/lib/system/libcopyfile.dylib
0x00000000088e7000 	/usr/lib/system/libdispatch.dylib
0x00000000088e7000 	/usr/lib/system/libdnsinfo.dylib
0x00000000088e7000 	/usr/lib/system/libdyld.dylib
0x00000000088e7000 	/usr/lib/system/libkeymgr.dylib
0x00000000088e7000 	/usr/lib/system/liblaunch.dylib
0x00000000088e7000 	/usr/lib/system/libmacho.dylib
0x00000000088e7000 	/usr/lib/system/libquarantine.dylib
0x00000000088e7000 	/usr/lib/system/libremovefile.dylib
0x00000000088e7000 	/usr/lib/system/libsystem_blocks.dylib
0x00000000088e7000 	/usr/lib/system/libsystem_c.dylib
0x00000000088e7000 	/usr/lib/system/libsystem_dnssd.dylib
0x00000000088e7000 	/usr/lib/system/libsystem_info.dylib
0x00000000088e7000 	/usr/lib/system/libsystem_kernel.dylib
0x00000000088e7000 	/usr/lib/system/libsystem_m.dylib
0x00000000088e7000 	/usr/lib/system/libsystem_network.dylib
0x00000000088e7000 	/usr/lib/system/libsystem_notify.dylib
0x00000000088e7000 	/usr/lib/system/libsystem_sandbox.dylib
0x00000000088e7000 	/usr/lib/system/libunc.dylib
0x00000000088e7000 	/usr/lib/system/libunwind.dylib
0x00000000088e7000 	/usr/lib/system/libxpc.dylib
0x00000000088e7000 	/usr/lib/system/libcorecrypto.dylib
0x00000000088e7000 	/usr/lib/libstdc++.6.dylib
0x00000000088e7000 	/usr/lib/libbsm.0.dylib
0x00000000088e7000 	/usr/lib/libsqlite3.dylib
0x00000000088e7000 	/usr/lib/libxar.1.dylib
0x00000000088e7000 	/usr/lib/libpam.2.dylib
0x00000000088e7000 	/usr/lib/libOpenScriptingUtil.dylib
0x00000000088e7000 	/usr/lib/libbz2.1.0.dylib
0x00000000088e7000 	/System/Library/Frameworks/CoreServices.framework/Versions/A/Frameworks/CarbonCore.framework/Versions/A/CarbonCore
0x00000000088e7000 	/System/Library/Frameworks/CoreServices.framework/Versions/A/Frameworks/Metadata.framework/Versions/A/Metadata
0x00000000088e7000 	/System/Library/Frameworks/CoreServices.framework/Versions/A/Frameworks/OSServices.framework/Versions/A/OSServices
0x00000000088e7000 	/System/Library/Frameworks/CoreServices.framework/Versions/A/Frameworks/SearchKit.framework/Versions/A/SearchKit
0x00000000088e7000 	/System/Library/Frameworks/CoreServices.framework/Versions/A/Frameworks/AE.framework/Versions/A/AE
0x00000000088e7000 	/System/Library/Frameworks/CoreServices.framework/Versions/A/Frameworks/LaunchServices.framework/Versions/A/LaunchServices
0x00000000088e7000 	/System/Library/Frameworks/CoreServices.framework/Versions/A/Frameworks/DictionaryServices.framework/Versions/A/DictionaryServices
0x00000000088e7000 	/System/Library/Frameworks/NetFS.framework/Versions/A/NetFS
0x00000000088e7000 	/usr/lib/system/libkxld.dylib
0x00000000088e7000 	/System/Library/PrivateFrameworks/NetAuth.framework/Versions/A/NetAuth
0x00000000088e7000 	/System/Library/Frameworks/OpenDirectory.framework/Versions/A/Frameworks/CFOpenDirectory.framework/Versions/A/CFOpenDirectory
0x00000000088e7000 	/usr/lib/libxslt.1.dylib
0x00000000088e7000 	/System/Library/PrivateFrameworks/FamilyControls.framework/Versions/A/FamilyControls
0x00000000088e7000 	/System/Library/Frameworks/Carbon.framework/Versions/A/Frameworks/Ink.framework/Versions/A/Ink
0x00000000088e7000 	/System/Library/Frameworks/ApplicationServices.framework/Versions/A/Frameworks/CoreGraphics.framework/Versions/A/CoreGraphics
0x00000000088e7000 	/System/Library/Frameworks/ApplicationServices.framework/Versions/A/Frameworks/ATS.framework/Versions/A/ATS
0x00000000088e7000 	/System/Library/Frameworks/ApplicationServices.framework/Versions/A/Frameworks/ColorSync.framework/Versions/A/ColorSync
0x00000000088e7000 	/System/Library/Frameworks/ApplicationServices.framework/Versions/A/Frameworks/HIServices.framework/Versions/A/HIServices
0x00000000088e7000 	/System/Library/Frameworks/ApplicationServices.framework/Versions/A/Frameworks/LangAnalysis.framework/Versions/A/LangAnalysis
0x00000000088e7000 	/System/Library/Frameworks/ApplicationServices.framework/Versions/A/Frameworks/PrintCore.framework/Versions/A/PrintCore
0x00000000088e7000 	/System/Library/Frameworks/ApplicationServices.framework/Versions/A/Frameworks/QD.framework/Versions/A/QD
0x00000000088e7000 	/System/Library/Frameworks/ApplicationServices.framework/Versions/A/Frameworks/SpeechSynthesis.framework/Versions/A/SpeechSynthesis
0x00000000088e7000 	/System/Library/Frameworks/IOSurface.framework/Versions/A/IOSurface
0x00000000088e7000 	/System/Library/Frameworks/Accelerate.framework/Versions/A/Accelerate
0x00000000088e7000 	/System/Library/Frameworks/ApplicationServices.framework/Versions/A/Frameworks/ATS.framework/Versions/A/Resources/libFontParser.dylib
0x00000000088e7000 	/System/Library/Frameworks/ApplicationServices.framework/Versions/A/Frameworks/ATS.framework/Versions/A/Resources/libFontRegistry.dylib
0x00000000088e7000 	/System/Library/Frameworks/Accelerate.framework/Versions/A/Frameworks/vImage.framework/Versions/A/vImage
0x00000000088e7000 	/System/Library/Frameworks/Accelerate.framework/Versions/A/Frameworks/vecLib.framework/Versions/A/vecLib
0x00000000088e7000 	/System/Library/Frameworks/Accelerate.framework/Versions/A/Frameworks/vecLib.framework/Versions/A/libvDSP.dylib
0x00000000088e7000 	/System/Library/Frameworks/Accelerate.framework/Versions/A/Frameworks/vecLib.framework/Versions/A/libvMisc.dylib
0x00000000088e7000 	/System/Library/Frameworks/Accelerate.framework/Versions/A/Frameworks/vecLib.framework/Versions/A/libLAPACK.dylib
0x00000000088e7000 	/System/Library/Frameworks/Accelerate.framework/Versions/A/Frameworks/vecLib.framework/Versions/A/libBLAS.dylib
0x00000000088e7000 	/System/Library/Frameworks/ImageIO.framework/Versions/A/Resources/libJPEG.dylib
0x00000000088e7000 	/System/Library/Frameworks/ImageIO.framework/Versions/A/Resources/libTIFF.dylib
0x00000000088e7000 	/System/Library/Frameworks/ImageIO.framework/Versions/A/Resources/libPng.dylib
0x00000000088e7000 	/System/Library/Frameworks/ImageIO.framework/Versions/A/Resources/libGIF.dylib
0x00000000088e7000 	/System/Library/Frameworks/ImageIO.framework/Versions/A/Resources/libJP2.dylib
0x00000000088e7000 	/System/Library/Frameworks/ImageIO.framework/Versions/A/Resources/libRadiance.dylib
0x00000000088e7000 	/usr/lib/libcups.2.dylib
0x00000000088e7000 	/System/Library/Frameworks/Kerberos.framework/Versions/A/Kerberos
0x00000000088e7000 	/System/Library/Frameworks/GSS.framework/Versions/A/GSS
0x00000000088e7000 	/usr/lib/libresolv.9.dylib
0x00000000088e7000 	/usr/lib/libiconv.2.dylib
0x00000000088e7000 	/System/Library/PrivateFrameworks/Heimdal.framework/Versions/A/Heimdal
0x00000000088e7000 	/System/Library/PrivateFrameworks/TrustEvaluationAgent.framework/Versions/A/TrustEvaluationAgent
0x00000000088e7000 	/System/Library/Frameworks/OpenDirectory.framework/Versions/A/OpenDirectory
0x00000000088e7000 	/System/Library/PrivateFrameworks/CommonAuth.framework/Versions/A/CommonAuth
0x00000000088e7000 	/System/Library/PrivateFrameworks/Bom.framework/Versions/A/Bom
0x00000000088e7000 	/System/Library/Frameworks/CoreVideo.framework/Versions/A/CoreVideo
0x00000000088e7000 	/System/Library/Frameworks/QuartzCore.framework/Versions/A/Frameworks/CoreImage.framework/Versions/A/CoreImage
0x00000000088e7000 	/System/Library/Frameworks/QuartzCore.framework/Versions/A/Frameworks/ScalableUserInterface.framework/Versions/A/ScalableUserInterface
0x00000000088e7000 	/System/Library/Frameworks/OpenGL.framework/Versions/A/Libraries/libGLU.dylib
0x00000000088e7000 	/System/Library/Frameworks/OpenGL.framework/Versions/A/Libraries/libGFXShared.dylib
0x00000000088e7000 	/System/Library/Frameworks/OpenGL.framework/Versions/A/Libraries/libGL.dylib
0x00000000088e7000 	/System/Library/Frameworks/OpenGL.framework/Versions/A/Libraries/libGLImage.dylib
0x00000000088e7000 	/System/Library/Frameworks/OpenGL.framework/Versions/A/Libraries/libCVMSPluginSupport.dylib
0x00000000088e7000 	/System/Library/Frameworks/OpenGL.framework/Versions/A/Libraries/libCoreVMClient.dylib
0x00000000088e7000 	/System/Library/PrivateFrameworks/CrashReporterSupport.framework/Versions/A/CrashReporterSupport
0x00000000088e7000 	/System/Library/Frameworks/OpenCL.framework/Versions/A/OpenCL
0x00000000088e7000 	/System/Library/PrivateFrameworks/FaceCoreLight.framework/Versions/A/FaceCoreLight
0x00000000088e7000 	/System/Library/PrivateFrameworks/AppleFSCompression.framework/Versions/A/AppleFSCompression
0x00000000088e7000 	/System/Library/PrivateFrameworks/Ubiquity.framework/Versions/A/Ubiquity
0x00000000088e7000 	/System/Library/Frameworks/ServiceManagement.framework/Versions/A/ServiceManagement
0x00000000088e7000 	/System/Library/PrivateFrameworks/ChunkingLibrary.framework/Versions/A/ChunkingLibrary
0x00000000088e7000 	/System/Library/Frameworks/vecLib.framework/Versions/A/vecLib
0x00000000088e7000 	/System/Library/Frameworks/SecurityFoundation.framework/Versions/A/SecurityFoundation
0x00000000088e7000 	/System/Library/PrivateFrameworks/CommerceKit.framework/Versions/A/Frameworks/CommerceCore.framework/Versions/A/CommerceCore
0x00000000088e7000 	/System/Library/PrivateFrameworks/CoreSymbolication.framework/Versions/A/CoreSymbolication
0x00000000088e7000 	/System/Library/PrivateFrameworks/Symbolication.framework/Versions/A/Symbolication
0x00000000088e7000 	/System/Library/PrivateFrameworks/DebugSymbols.framework/Versions/A/DebugSymbols
0x000000010ae24000 	/Library/Java/JavaVirtualMachines/jdk1.7.0_40.jdk/Contents/Home/jre/lib/server/libjvm.dylib
0x000000010b979000 	/Library/Java/JavaVirtualMachines/jdk1.7.0_40.jdk/Contents/Home/jre/lib/libverify.dylib
0x000000010b986000 	/Library/Java/JavaVirtualMachines/jdk1.7.0_40.jdk/Contents/Home/jre/lib/libjava.dylib
0x000000010ba43000 	/Library/Java/JavaVirtualMachines/jdk1.7.0_40.jdk/Contents/Home/jre/lib/libzip.dylib
0x000000011ae18000 	/System/Library/Frameworks/JavaVM.framework/Frameworks/JavaRuntimeSupport.framework/JavaRuntimeSupport
0x000000011ae30000 	/System/Library/Frameworks/JavaVM.framework/Versions/A/Frameworks/JavaNativeFoundation.framework/Versions/A/JavaNativeFoundation
0x000000011ae45000 	/System/Library/Frameworks/JavaVM.framework/Versions/A/JavaVM
0x00000000088e7000 	/System/Library/Frameworks/Carbon.framework/Versions/A/Carbon
0x000000011ae52000 	/System/Library/PrivateFrameworks/JavaLaunching.framework/Versions/A/JavaLaunching
0x00000000088e7000 	/System/Library/Frameworks/Carbon.framework/Versions/A/Frameworks/CommonPanels.framework/Versions/A/CommonPanels
0x00000000088e7000 	/System/Library/Frameworks/Carbon.framework/Versions/A/Frameworks/Help.framework/Versions/A/Help
0x00000000088e7000 	/System/Library/Frameworks/Carbon.framework/Versions/A/Frameworks/ImageCapture.framework/Versions/A/ImageCapture
0x00000000088e7000 	/System/Library/Frameworks/Carbon.framework/Versions/A/Frameworks/OpenScripting.framework/Versions/A/OpenScripting
0x00000000088e7000 	/System/Library/Frameworks/Carbon.framework/Versions/A/Frameworks/Print.framework/Versions/A/Print
0x00000000088e7000 	/System/Library/Frameworks/Carbon.framework/Versions/A/Frameworks/SecurityHI.framework/Versions/A/SecurityHI
0x000000011b4d7000 	/Library/Java/JavaVirtualMachines/jdk1.7.0_40.jdk/Contents/Home/jre/lib/libawt.dylib
0x000000011b586000 	/Library/Java/JavaVirtualMachines/jdk1.7.0_40.jdk/Contents/Home/jre/lib/./libmlib_image.dylib
0x000000011b652000 	/Library/Java/JavaVirtualMachines/jdk1.7.0_40.jdk/Contents/Home/jre/lib/lwawt/liblwawt.dylib
0x000000011b706000 	/Library/Java/JavaVirtualMachines/jdk1.7.0_40.jdk/Contents/Home/jre/lib/libosxapp.dylib
0x000000011b720000 	/System/Library/Frameworks/ExceptionHandling.framework/Versions/A/ExceptionHandling
0x00000000088e7000 	/System/Library/PrivateFrameworks/CoreServicesInternal.framework/Versions/A/CoreServicesInternal
0x00000000088e7000 	/System/Library/PrivateFrameworks/Librarian.framework/Versions/A/Librarian
0x00000000088e7000 	/System/Library/Frameworks/ApplicationServices.framework/Versions/A/Frameworks/CoreGraphics.framework/Versions/A/Resources/libCSync.A.dylib
0x00000000088e7000 	/System/Library/Frameworks/ApplicationServices.framework/Versions/A/Frameworks/CoreGraphics.framework/Versions/A/Resources/libRIP.A.dylib
0x00000000088e7000 	/System/Library/Frameworks/ApplicationServices.framework/Versions/A/Frameworks/CoreGraphics.framework/Versions/A/Resources/libCGXType.A.dylib
0x000000011f254000 	/System/Library/Frameworks/OpenGL.framework/Resources/GLEngine.bundle/GLEngine
0x000000011f449000 	/System/Library/Frameworks/OpenGL.framework/Versions/A/Libraries/libGLProgrammability.dylib
0x0000000000000000 	/System/Library/Extensions/GeForceGLDriver.bundle/Contents/MacOS/GeForceGLDriver
0x000000011cafb000 	/System/Library/PrivateFrameworks/GPUSupport.framework/Versions/A/Libraries/libGPUSupport.dylib
0x00000000088e7000 	/System/Library/Extensions/GeForceGLDriver.bundle/Contents/MacOS/libclh.dylib
0x000000011f5f1000 	/System/Library/Extensions/AppleIntelHD4000GraphicsGLDriver.bundle/Contents/MacOS/AppleIntelHD4000GraphicsGLDriver
0x000000011cb10000 	/System/Library/PrivateFrameworks/IOAccelerator.framework/Versions/A/IOAccelerator
0x000000011cb1d000 	/System/Library/PrivateFrameworks/GPUSupport.framework/Versions/A/Libraries/libGPUSupportMercury.dylib
0x000000011d8c5000 	/System/Library/Frameworks/OpenGL.framework/Resources//GLRendererFloat.bundle/GLRendererFloat
0x000000011cb34000 	/System/Library/Frameworks/OpenCL.framework/Versions/A/Libraries/libcldcpuengine.dylib
0x00000000088e7000 	/System/Library/PrivateFrameworks/DiskImages.framework/Versions/A/DiskImages
0x00000000088e7000 	/System/Library/Frameworks/DiscRecording.framework/Versions/A/DiscRecording
0x00000000088e7000 	/usr/lib/libcurl.4.dylib
0x00000000088e7000 	/System/Library/PrivateFrameworks/MediaKit.framework/Versions/A/MediaKit
0x00000000088e7000 	/usr/lib/libssl.0.9.8.dylib
0x00000000088e7000 	/usr/lib/libcrypto.0.9.8.dylib
0x00000000088e7000 	/System/Library/Frameworks/LDAP.framework/Versions/A/LDAP
0x00000000088e7000 	/usr/lib/libsasl2.2.dylib
0x000000012061a000 	/Library/Java/JavaVirtualMachines/jdk1.7.0_40.jdk/Contents/Home/jre/lib/libfontmanager.dylib
0x0000000120684000 	/Library/Java/JavaVirtualMachines/jdk1.7.0_40.jdk/Contents/Home/jre/lib/libosxui.dylib
0x0000000123237000 	/Library/Java/JavaVirtualMachines/jdk1.7.0_40.jdk/Contents/Home/jre/lib/libnet.dylib
0x000000012324c000 	/Library/Java/JavaVirtualMachines/jdk1.7.0_40.jdk/Contents/Home/jre/lib/libnio.dylib
0x0000000124439000 	/Library/Java/JavaVirtualMachines/jdk1.7.0_40.jdk/Contents/Home/jre/lib/libdcpr.dylib

VM Arguments:
jvm_args: -Dfile.encoding=US-ASCII 
java_command: view.MainView
Launcher Type: SUN_STANDARD

Environment Variables:
PATH=/usr/bin:/bin:/usr/sbin:/sbin
SHELL=/bin/bash

Signal Handlers:
SIGSEGV: [libjvm.dylib+0x524b25], sa_mask[0]=0xfffefeff, sa_flags=0x00000043
SIGBUS: [libjvm.dylib+0x524b25], sa_mask[0]=0xfffefeff, sa_flags=0x00000042
SIGFPE: [libjvm.dylib+0x4180e6], sa_mask[0]=0xfffefeff, sa_flags=0x00000042
SIGPIPE: [libjvm.dylib+0x4180e6], sa_mask[0]=0xfffefeff, sa_flags=0x00000042
SIGXFSZ: [libjvm.dylib+0x4180e6], sa_mask[0]=0xfffefeff, sa_flags=0x00000042
SIGILL: [libjvm.dylib+0x4180e6], sa_mask[0]=0xfffefeff, sa_flags=0x00000042
SIGUSR1: SIG_DFL, sa_mask[0]=0x00000000, sa_flags=0x00000002
SIGUSR2: [libjvm.dylib+0x417bd8], sa_mask[0]=0x00000004, sa_flags=0x00000042
SIGHUP: [libjvm.dylib+0x415e67], sa_mask[0]=0xfffefeff, sa_flags=0x00000042
SIGINT: [libjvm.dylib+0x415e67], sa_mask[0]=0xfffefeff, sa_flags=0x00000042
SIGTERM: [libjvm.dylib+0x415e67], sa_mask[0]=0xfffefeff, sa_flags=0x00000042
SIGQUIT: [libjvm.dylib+0x415e67], sa_mask[0]=0xfffefeff, sa_flags=0x00000042


---------------  S Y S T E M  ---------------

OS:Bsduname:Darwin 12.5.0 Darwin Kernel Version 12.5.0: Sun Sep 29 13:33:47 PDT 2013; root:xnu-2050.48.12~1/RELEASE_X86_64 x86_64
rlimit: STACK 8192k, CORE 0k, NPROC 709, NOFILE 10240, AS infinity
load average:1.45 1.11 1.07

CPU:total 8 (4 cores per cpu, 2 threads per core) family 6 model 58 stepping 9, cmov, cx8, fxsr, mmx, sse, sse2, sse3, ssse3, sse4.1, sse4.2, popcnt, avx, aes, erms, ht, tsc, tscinvbit, tscinv

Memory: 4k page, physical 16777216k(4194304k free)

/proc/meminfo:


vm_info: Java HotSpot(TM) 64-Bit Server VM (24.0-b56) for bsd-amd64 JRE (1.7.0_40-b43), built on Aug 26 2013 21:29:19 by "java_re" with gcc 4.2.1 (Based on Apple Inc. build 5658) (LLVM build 2336.11.00)

time: Mon Jan  6 13:34:30 2014
elapsed time: 10601 seconds

