#
# A fatal error has been detected by the Java Runtime Environment:
#
#  SIGSEGV (0xb) at pc=0x00000001155fc4b9, pid=3549, tid=41231
#
# JRE version: Java(TM) SE Runtime Environment (7.0_40-b43) (build 1.7.0_40-b43)
# Java VM: Java HotSpot(TM) 64-Bit Server VM (24.0-b56 mixed mode bsd-amd64 compressed oops)
# Problematic frame:
# C  [liblwawt.dylib+0x124b9]  OGLSD_SetScratchSurface+0x3d
#
# Failed to write core dump. Core dumps have been disabled. To enable core dumping, try "ulimit -c unlimited" before starting Java again
#
# If you would like to submit a bug report, please visit:
#   http://bugreport.sun.com/bugreport/crash.jsp
# The crash happened outside the Java Virtual Machine in native code.
# See problematic frame for where to report the bug.
#

---------------  T H R E A D  ---------------

Current thread (0x00007fa1e5015000):  JavaThread "Java2D Queue Flusher" daemon [_thread_in_native, id=41231, stack(0x0000000119132000,0x0000000119232000)]

siginfo:si_signo=SIGSEGV: si_errno=0, si_code=1 (SEGV_MAPERR), si_addr=0x0000000000000000

Registers:
RAX=0x00007fa1e5040068, RBX=0x00007fa1e50151e8, RCX=0x00007fa1e5040070, RDX=0x00000000a1a1a1a1
RSP=0x0000000119231850, RBP=0x0000000119231870, RSI=0x00007fa1e5040000, RDI=0x00007fa1e5040068
R8 =0x0000000000002060, R9 =0x00000001192317b0, R10=0x00000001059f666c, R11=0x000000010522b9af
R12=0x0000000000000000, R13=0x00000006fb1e7130, R14=0x00007fa1e4b40002, R15=0x0000000000000000
RIP=0x00000001155fc4b9, EFLAGS=0x0000000000010206, ERR=0x0000000000000004
  TRAPNO=0x000000000000000e

Top of Stack: (sp=0x0000000119231850)
0x0000000119231850:   00007fa1e4bbad10 0000000000000000
0x0000000119231860:   00007fa1e5035810 00007fa1e5015000
0x0000000119231870:   00000001192318f0 00000001155f1f06
0x0000000119231880:   00007fa1e5015000 000000000000b303
0x0000000119231890:   00007fa1e491eb00 0000000200000001
0x00000001192318a0:   00000000fb930730 0000000000000000
0x00000001192318b0:   0000000000000000 00007fa1e5035820
0x00000001192318c0:   0000000100231930 00007fa1e50151e8
0x00000001192318d0:   00000006fb1e7130 0000000000000000
0x00000001192318e0:   0000000119231998 00007fa1e5015000
0x00000001192318f0:   0000000119231960 00000001059f6698
0x0000000119231900:   00007fa1e5015000 00007fa1e4809128
0x0000000119231910:   0000000119231940 000000010527abb3
0x0000000119231920:   0000000119231920 0000000000000000
0x0000000119231930:   0000000119231998 00000006fb1e8908
0x0000000119231940:   0000000000000000 00000006fb1e7130
0x0000000119231950:   0000000000000000 0000000119231980
0x0000000119231960:   00000001192319e0 00000001059ea058
0x0000000119231970:   0000000000000000 00000001059f2cd8
0x0000000119231980:   0000000000000020 00007fa1e5035800
0x0000000119231990:   00000007aeb46a50 00000007aeb46a38
0x00000001192319a0:   00000001192319a0 00000006fb1e7215
0x00000001192319b0:   00000001192319f8 00000006fb1e8908
0x00000001192319c0:   0000000000000000 00000006fb1e7238
0x00000001192319d0:   0000000119231980 0000000119231a00
0x00000001192319e0:   00000006fae236e8 0000000105a78a80
0x00000001192319f0:   0000000000000020 00000007aeb46a38
0x0000000119231a00:   0000000119231a58 00000007aeb46b10
0x0000000119231a10:   0000000600000000 00000007aeb46b10
0x0000000119231a20:   0000000000000000 0000000119231a58
0x0000000119231a30:   0000000000000001 00000001059e44e7
0x0000000119231a40:   0000000119231ac0 00000001059e44e7 

Instructions: (pc=0x00000001155fc4b9)
0x00000001155fc499:   c0 be 01 00 00 00 e8 2a 27 03 00 31 c0 eb 6d 48
0x00000001155fc4a9:   89 fb 4c 8b 76 10 4d 8b 3e 30 c0 e8 e9 2b 03 00
0x00000001155fc4b9:   49 8b 3f 49 89 c4 48 8b 35 02 75 06 00 30 c0 e8
0x00000001155fc4c9:   5b 2d 03 00 48 85 c0 75 4c 30 c0 e8 1f 61 ff ff 

Register to memory mapping:

RAX=0x00007fa1e5040068 is an unknown value
RBX=0x00007fa1e50151e8 is an unknown value
RCX=0x00007fa1e5040070 is an unknown value
RDX=0x00000000a1a1a1a1 is an unknown value
RSP=0x0000000119231850 is pointing into the stack for thread: 0x00007fa1e5015000
RBP=0x0000000119231870 is pointing into the stack for thread: 0x00007fa1e5015000
RSI=0x00007fa1e5040000 is an unknown value
RDI=0x00007fa1e5040068 is an unknown value
R8 =0x0000000000002060 is an unknown value
R9 =0x00000001192317b0 is pointing into the stack for thread: 0x00007fa1e5015000
R10=0x00000001059f666c is at code_begin+620 in an Interpreter codelet
method entry point (kind = native)  [0x00000001059f6400, 0x00000001059f6c40]  2112 bytes
R11=0x000000010522b9af: throw_unsatisfied_link_error+0 in /Library/Java/JavaVirtualMachines/jdk1.7.0_40.jdk/Contents/Home/jre/lib/server/libjvm.dylib at 0x0000000104dbc000
R12=0x0000000000000000 is an unknown value
R13=0x00000006fb1e7130 is an oop
{method} 
 - klass: {other class}
R14=0x00007fa1e4b40002 is an unknown value
R15=0x0000000000000000 is an unknown value


Stack: [0x0000000119132000,0x0000000119232000],  sp=0x0000000119231850,  free space=1022k
Native frames: (J=compiled Java code, j=interpreted, Vv=VM code, C=native code)
C  [liblwawt.dylib+0x124b9]  OGLSD_SetScratchSurface+0x3d
C  [liblwawt.dylib+0x7f06]  Java_sun_java2d_opengl_OGLRenderQueue_flushBuffer+0x63a
j  sun.java2d.opengl.OGLRenderQueue.flushBuffer(JI)V+0
j  sun.java2d.opengl.OGLRenderQueue.flushBuffer()V+21

Java frames: (J=compiled Java code, j=interpreted, Vv=VM code)
j  sun.java2d.opengl.OGLRenderQueue.flushBuffer(JI)V+0
j  sun.java2d.opengl.OGLRenderQueue.flushBuffer()V+21
J  sun.java2d.opengl.OGLRenderQueue$QueueFlusher.run()V
v  ~StubRoutines::call_stub

---------------  P R O C E S S  ---------------

Java Threads: ( => current thread )
  0x00007fa1e5a25000 JavaThread "TimerQueue" daemon [_thread_blocked, id=54071, stack(0x000000011d7bb000,0x000000011d8bb000)]
  0x00007fa1e59f9800 JavaThread "DestroyJavaVM" [_thread_blocked, id=6403, stack(0x000000010580f000,0x000000010590f000)]
  0x00007fa1e691d800 JavaThread "AWT-EventQueue-0" [_thread_blocked, id=50695, stack(0x000000011bd06000,0x000000011be06000)]
  0x00007fa1e68b2000 JavaThread "Java2D Disposer" daemon [_thread_blocked, id=45827, stack(0x000000011a4b1000,0x000000011a5b1000)]
=>0x00007fa1e5015000 JavaThread "Java2D Queue Flusher" daemon [_thread_in_native, id=41231, stack(0x0000000119132000,0x0000000119232000)]
  0x00007fa1e5878800 JavaThread "AWT-Shutdown" [_thread_blocked, id=30979, stack(0x0000000116941000,0x0000000116a41000)]
  0x00007fa1e8803800 JavaThread "AppKit Thread" daemon [_thread_blocked, id=1799, stack(0x00007fff5a771000,0x00007fff5af71000)]
  0x00007fa1e5827000 JavaThread "Service Thread" daemon [_thread_blocked, id=25091, stack(0x0000000115208000,0x0000000115308000)]
  0x00007fa1e5826000 JavaThread "C2 CompilerThread1" daemon [_thread_blocked, id=24579, stack(0x0000000115105000,0x0000000115205000)]
  0x00007fa1e581e800 JavaThread "C2 CompilerThread0" daemon [_thread_blocked, id=24067, stack(0x0000000115002000,0x0000000115102000)]
  0x00007fa1e5801800 JavaThread "Signal Dispatcher" daemon [_thread_blocked, id=23555, stack(0x0000000114eff000,0x0000000114fff000)]
  0x00007fa1e5808000 JavaThread "Finalizer" daemon [_thread_blocked, id=18947, stack(0x0000000114cae000,0x0000000114dae000)]
  0x00007fa1e5805800 JavaThread "Reference Handler" daemon [_thread_blocked, id=18435, stack(0x0000000114bab000,0x0000000114cab000)]

Other Threads:
  0x00007fa1e5008800 VMThread [stack: 0x0000000114aa8000,0x0000000114ba8000] [id=17923]
  0x00007fa1e4026800 WatcherThread [stack: 0x000000011530b000,0x000000011540b000] [id=25603]

VM state:not at safepoint (normal execution)

VM Mutex/Monitor currently owned by a thread: None

Heap
 PSYoungGen      total 76800K, used 11496K [0x00000007aaa80000, 0x00000007b0000000, 0x0000000800000000)
  eden space 66048K, 5% used [0x00000007aaa80000,0x00000007aae59650,0x00000007aeb00000)
  from space 10752K, 70% used [0x00000007aeb00000,0x00000007af260c18,0x00000007af580000)
  to   space 10752K, 0% used [0x00000007af580000,0x00000007af580000,0x00000007b0000000)
 ParOldGen       total 174592K, used 8K [0x0000000700000000, 0x000000070aa80000, 0x00000007aaa80000)
  object space 174592K, 0% used [0x0000000700000000,0x0000000700002000,0x000000070aa80000)
 PSPermGen       total 21504K, used 11465K [0x00000006fae00000, 0x00000006fc300000, 0x0000000700000000)
  object space 21504K, 53% used [0x00000006fae00000,0x00000006fb932590,0x00000006fc300000)

Card table byte_map: [0x0000000108aa4000,0x00000001092ce000] byte_map_base: 0x00000001052cd000

Polling page: 0x000000010594e000

Code Cache  [0x00000001059e4000, 0x0000000105c54000, 0x00000001089e4000)
 total_blobs=487 nmethods=44 adapters=397 free_code_cache=48561Kb largest_free_block=49709888

Compilation events (10 events):
Event: 1013.186 Thread 0x00007fa1e581e800   40             sun.java2d.pipe.RenderQueue::tryLock (4 bytes)
Event: 1013.186 Thread 0x00007fa1e5826000   41             sun.java2d.opengl.OGLRenderQueue::access$000 (5 bytes)
Event: 1013.186 Thread 0x00007fa1e5826000 nmethod 41 0x0000000105a76cd0 code [0x0000000105a76e00, 0x0000000105a76e58]
Event: 1013.187 Thread 0x00007fa1e581e800 nmethod 40 0x0000000105a79990 code [0x0000000105a79ae0, 0x0000000105a79bf8]
Event: 1443.946 Thread 0x00007fa1e5826000   42 %s!         sun.java2d.opengl.OGLRenderQueue$QueueFlusher::run @ 2 (234 bytes)
Event: 1443.956 Thread 0x00007fa1e5826000 nmethod 42% 0x0000000105a78590 code [0x0000000105a787c0, 0x0000000105a79038]
Event: 6503.562 Thread 0x00007fa1e581e800   43             java.awt.Component::getTreeLock (4 bytes)
Event: 6503.563 Thread 0x00007fa1e581e800 nmethod 43 0x0000000105a76ad0 code [0x0000000105a76c00, 0x0000000105a76c78]
Event: 6503.697 Thread 0x00007fa1e5826000   44             sun.java2d.loops.SurfaceType::getUniqueID (5 bytes)
Event: 6503.698 Thread 0x00007fa1e5826000 nmethod 44 0x0000000105a78390 code [0x0000000105a784c0, 0x0000000105a78518]

GC Heap History (2 events):
Event: 9408.065 GC heap before
{Heap before GC invocations=1 (full 0):
 PSYoungGen      total 76800K, used 65723K [0x00000007aaa80000, 0x00000007b0000000, 0x0000000800000000)
  eden space 66048K, 99% used [0x00000007aaa80000,0x00000007aeaaed28,0x00000007aeb00000)
  from space 10752K, 0% used [0x00000007af580000,0x00000007af580000,0x00000007b0000000)
  to   space 10752K, 0% used [0x00000007aeb00000,0x00000007aeb00000,0x00000007af580000)
 ParOldGen       total 174592K, used 0K [0x0000000700000000, 0x000000070aa80000, 0x00000007aaa80000)
  object space 174592K, 0% used [0x0000000700000000,0x0000000700000000,0x000000070aa80000)
 PSPermGen       total 21504K, used 11465K [0x00000006fae00000, 0x00000006fc300000, 0x0000000700000000)
  object space 21504K, 53% used [0x00000006fae00000,0x00000006fb932590,0x00000006fc300000)
Event: 9408.078 GC heap after
Heap after GC invocations=1 (full 0):
 PSYoungGen      total 76800K, used 7555K [0x00000007aaa80000, 0x00000007b0000000, 0x0000000800000000)
  eden space 66048K, 0% used [0x00000007aaa80000,0x00000007aaa80000,0x00000007aeb00000)
  from space 10752K, 70% used [0x00000007aeb00000,0x00000007af260c18,0x00000007af580000)
  to   space 10752K, 0% used [0x00000007af580000,0x00000007af580000,0x00000007b0000000)
 ParOldGen       total 174592K, used 8K [0x0000000700000000, 0x000000070aa80000, 0x00000007aaa80000)
  object space 174592K, 0% used [0x0000000700000000,0x0000000700002000,0x000000070aa80000)
 PSPermGen       total 21504K, used 11465K [0x00000006fae00000, 0x00000006fc300000, 0x0000000700000000)
  object space 21504K, 53% used [0x00000006fae00000,0x00000006fb932590,0x00000006fc300000)
}

Deoptimization events (5 events):
Event: 0.647 Thread 0x00007fa1e7000000 Uncommon trap: reason=class_check action=maybe_recompile pc=0x0000000105a59fcc method=java.lang.String.equals(Ljava/lang/Object;)Z @ 8
Event: 0.647 Thread 0x00007fa1e7000000 Uncommon trap: reason=class_check action=maybe_recompile pc=0x0000000105a59fcc method=java.lang.String.equals(Ljava/lang/Object;)Z @ 8
Event: 0.647 Thread 0x00007fa1e7000000 Uncommon trap: reason=class_check action=maybe_recompile pc=0x0000000105a59fcc method=java.lang.String.equals(Ljava/lang/Object;)Z @ 8
Event: 0.647 Thread 0x00007fa1e7000000 Uncommon trap: reason=class_check action=maybe_recompile pc=0x0000000105a59fcc method=java.lang.String.equals(Ljava/lang/Object;)Z @ 8
Event: 0.676 Thread 0x00007fa1e691d800 Uncommon trap: reason=unloaded action=reinterpret pc=0x0000000105a62400 method=java.lang.CharacterData.of(I)Ljava/lang/CharacterData; @ 96

Internal exceptions (10 events):
Event: 5.690 Thread 0x00007fa1e691d800 Threw 0x00000007ab224280 at /HUDSON/workspace/jdk7u40-2-build-macosx-amd64-product/jdk7u40/hotspot/src/share/vm/prims/jvm.cpp:1244
Event: 5.692 Thread 0x00007fa1e691d800 Threw 0x00000007ab22cc00 at /HUDSON/workspace/jdk7u40-2-build-macosx-amd64-product/jdk7u40/hotspot/src/share/vm/prims/jvm.cpp:1244
Event: 5.692 Thread 0x00007fa1e691d800 Threw 0x00000007ab230a50 at /HUDSON/workspace/jdk7u40-2-build-macosx-amd64-product/jdk7u40/hotspot/src/share/vm/prims/jvm.cpp:1244
Event: 5.700 Thread 0x00007fa1e691d800 Threw 0x00000007ab249878 at /HUDSON/workspace/jdk7u40-2-build-macosx-amd64-product/jdk7u40/hotspot/src/share/vm/prims/jni.cpp:1632
Event: 5.741 Thread 0x00007fa1e691d800 Threw 0x00000007ab2a23c0 at /HUDSON/workspace/jdk7u40-2-build-macosx-amd64-product/jdk7u40/hotspot/src/share/vm/prims/jvm.cpp:1244
Event: 5.742 Thread 0x00007fa1e691d800 Threw 0x00000007ab2a6bc0 at /HUDSON/workspace/jdk7u40-2-build-macosx-amd64-product/jdk7u40/hotspot/src/share/vm/prims/jvm.cpp:1244
Event: 5.743 Thread 0x00007fa1e691d800 Threw 0x00000007ab2aa828 at /HUDSON/workspace/jdk7u40-2-build-macosx-amd64-product/jdk7u40/hotspot/src/share/vm/prims/jvm.cpp:1244
Event: 5.743 Thread 0x00007fa1e691d800 Threw 0x00000007ab2ae978 at /HUDSON/workspace/jdk7u40-2-build-macosx-amd64-product/jdk7u40/hotspot/src/share/vm/prims/jvm.cpp:1244
Event: 7.569 Thread 0x00007fa1e691d800 Threw 0x00000007ab59b8e0 at /HUDSON/workspace/jdk7u40-2-build-macosx-amd64-product/jdk7u40/hotspot/src/share/vm/prims/jvm.cpp:1244
Event: 7.570 Thread 0x00007fa1e691d800 Threw 0x00000007ab5a0310 at /HUDSON/workspace/jdk7u40-2-build-macosx-amd64-product/jdk7u40/hotspot/src/share/vm/prims/jvm.cpp:1244

Events (10 events):
Event: 9408.079 Executing VM operation: RevokeBias
Event: 9408.079 Executing VM operation: RevokeBias done
Event: 9408.079 Executing VM operation: RevokeBias
Event: 9408.080 Executing VM operation: RevokeBias done
Event: 9408.080 Executing VM operation: RevokeBias
Event: 9408.080 Executing VM operation: RevokeBias done
Event: 9408.080 Executing VM operation: RevokeBias
Event: 9408.080 Executing VM operation: RevokeBias done
Event: 9408.080 Executing VM operation: RevokeBias
Event: 9408.080 Executing VM operation: RevokeBias done


Dynamic libraries:
0x00000000088e7000 	/System/Library/Frameworks/Cocoa.framework/Versions/A/Cocoa
0x00000000088e7000 	/System/Library/Frameworks/Security.framework/Versions/A/Security
0x00000000088e7000 	/System/Library/Frameworks/ApplicationServices.framework/Versions/A/ApplicationServices
0x00000000088e7000 	/usr/lib/libz.1.dylib
0x00000000088e7000 	/usr/lib/libSystem.B.dylib
0x00000000088e7000 	/usr/lib/libobjc.A.dylib
0x00000000088e7000 	/System/Library/Frameworks/CoreFoundation.framework/Versions/A/CoreFoundation
0x00000000088e7000 	/System/Library/Frameworks/Foundation.framework/Versions/C/Foundation
0x00000000088e7000 	/System/Library/Frameworks/AppKit.framework/Versions/C/AppKit
0x00000000088e7000 	/System/Library/Frameworks/CoreData.framework/Versions/A/CoreData
0x00000000088e7000 	/System/Library/PrivateFrameworks/RemoteViewServices.framework/Versions/A/RemoteViewServices
0x00000000088e7000 	/System/Library/Frameworks/AudioToolbox.framework/Versions/A/AudioToolbox
0x00000000088e7000 	/System/Library/Frameworks/AudioUnit.framework/Versions/A/AudioUnit
0x00000000088e7000 	/System/Library/PrivateFrameworks/DataDetectorsCore.framework/Versions/A/DataDetectorsCore
0x00000000088e7000 	/System/Library/PrivateFrameworks/DesktopServicesPriv.framework/Versions/A/DesktopServicesPriv
0x00000000088e7000 	/System/Library/Frameworks/Carbon.framework/Versions/A/Frameworks/HIToolbox.framework/Versions/A/HIToolbox
0x00000000088e7000 	/System/Library/Frameworks/QuartzCore.framework/Versions/A/QuartzCore
0x00000000088e7000 	/System/Library/Frameworks/Carbon.framework/Versions/A/Frameworks/SpeechRecognition.framework/Versions/A/SpeechRecognition
0x00000000088e7000 	/usr/lib/libauto.dylib
0x00000000088e7000 	/usr/lib/libicucore.A.dylib
0x00000000088e7000 	/usr/lib/libxml2.2.dylib
0x00000000088e7000 	/System/Library/PrivateFrameworks/CoreUI.framework/Versions/A/CoreUI
0x00000000088e7000 	/System/Library/Frameworks/CoreAudio.framework/Versions/A/CoreAudio
0x00000000088e7000 	/System/Library/Frameworks/DiskArbitration.framework/Versions/A/DiskArbitration
0x00000000088e7000 	/usr/lib/liblangid.dylib
0x00000000088e7000 	/System/Library/PrivateFrameworks/MultitouchSupport.framework/Versions/A/MultitouchSupport
0x00000000088e7000 	/System/Library/Frameworks/IOKit.framework/Versions/A/IOKit
0x00000000088e7000 	/usr/lib/libDiagnosticMessagesClient.dylib
0x00000000088e7000 	/System/Library/Frameworks/CoreServices.framework/Versions/A/CoreServices
0x00000000088e7000 	/System/Library/PrivateFrameworks/PerformanceAnalysis.framework/Versions/A/PerformanceAnalysis
0x00000000088e7000 	/System/Library/PrivateFrameworks/GenerationalStorage.framework/Versions/A/GenerationalStorage
0x00000000088e7000 	/System/Library/Frameworks/OpenGL.framework/Versions/A/OpenGL
0x00000000088e7000 	/System/Library/Frameworks/CoreText.framework/Versions/A/CoreText
0x00000000088e7000 	/System/Library/Frameworks/ImageIO.framework/Versions/A/ImageIO
0x00000000088e7000 	/System/Library/PrivateFrameworks/Backup.framework/Versions/A/Backup
0x00000000088e7000 	/System/Library/Frameworks/CFNetwork.framework/Versions/A/CFNetwork
0x00000000088e7000 	/System/Library/Frameworks/SystemConfiguration.framework/Versions/A/SystemConfiguration
0x00000000088e7000 	/usr/lib/libCRFSuite.dylib
0x00000000088e7000 	/System/Library/PrivateFrameworks/TCC.framework/Versions/A/TCC
0x00000000088e7000 	/usr/lib/libc++.1.dylib
0x00000000088e7000 	/usr/lib/libc++abi.dylib
0x00000000088e7000 	/usr/lib/system/libcache.dylib
0x00000000088e7000 	/usr/lib/system/libcommonCrypto.dylib
0x00000000088e7000 	/usr/lib/system/libcompiler_rt.dylib
0x00000000088e7000 	/usr/lib/system/libcopyfile.dylib
0x00000000088e7000 	/usr/lib/system/libdispatch.dylib
0x00000000088e7000 	/usr/lib/system/libdnsinfo.dylib
0x00000000088e7000 	/usr/lib/system/libdyld.dylib
0x00000000088e7000 	/usr/lib/system/libkeymgr.dylib
0x00000000088e7000 	/usr/lib/system/liblaunch.dylib
0x00000000088e7000 	/usr/lib/system/libmacho.dylib
0x00000000088e7000 	/usr/lib/system/libquarantine.dylib
0x00000000088e7000 	/usr/lib/system/libremovefile.dylib
0x00000000088e7000 	/usr/lib/system/libsystem_blocks.dylib
0x00000000088e7000 	/usr/lib/system/libsystem_c.dylib
0x00000000088e7000 	/usr/lib/system/libsystem_dnssd.dylib
0x00000000088e7000 	/usr/lib/system/libsystem_info.dylib
0x00000000088e7000 	/usr/lib/system/libsystem_kernel.dylib
0x00000000088e7000 	/usr/lib/system/libsystem_m.dylib
0x00000000088e7000 	/usr/lib/system/libsystem_network.dylib
0x00000000088e7000 	/usr/lib/system/libsystem_notify.dylib
0x00000000088e7000 	/usr/lib/system/libsystem_sandbox.dylib
0x00000000088e7000 	/usr/lib/system/libunc.dylib
0x00000000088e7000 	/usr/lib/system/libunwind.dylib
0x00000000088e7000 	/usr/lib/system/libxpc.dylib
0x00000000088e7000 	/usr/lib/system/libcorecrypto.dylib
0x00000000088e7000 	/usr/lib/libstdc++.6.dylib
0x00000000088e7000 	/usr/lib/libbsm.0.dylib
0x00000000088e7000 	/usr/lib/libsqlite3.dylib
0x00000000088e7000 	/usr/lib/libxar.1.dylib
0x00000000088e7000 	/usr/lib/libpam.2.dylib
0x00000000088e7000 	/usr/lib/libOpenScriptingUtil.dylib
0x00000000088e7000 	/usr/lib/libbz2.1.0.dylib
0x00000000088e7000 	/System/Library/Frameworks/CoreServices.framework/Versions/A/Frameworks/CarbonCore.framework/Versions/A/CarbonCore
0x00000000088e7000 	/System/Library/Frameworks/CoreServices.framework/Versions/A/Frameworks/Metadata.framework/Versions/A/Metadata
0x00000000088e7000 	/System/Library/Frameworks/CoreServices.framework/Versions/A/Frameworks/OSServices.framework/Versions/A/OSServices
0x00000000088e7000 	/System/Library/Frameworks/CoreServices.framework/Versions/A/Frameworks/SearchKit.framework/Versions/A/SearchKit
0x00000000088e7000 	/System/Library/Frameworks/CoreServices.framework/Versions/A/Frameworks/AE.framework/Versions/A/AE
0x00000000088e7000 	/System/Library/Frameworks/CoreServices.framework/Versions/A/Frameworks/LaunchServices.framework/Versions/A/LaunchServices
0x00000000088e7000 	/System/Library/Frameworks/CoreServices.framework/Versions/A/Frameworks/DictionaryServices.framework/Versions/A/DictionaryServices
0x00000000088e7000 	/System/Library/Frameworks/NetFS.framework/Versions/A/NetFS
0x00000000088e7000 	/usr/lib/system/libkxld.dylib
0x00000000088e7000 	/System/Library/PrivateFrameworks/NetAuth.framework/Versions/A/NetAuth
0x00000000088e7000 	/System/Library/Frameworks/OpenDirectory.framework/Versions/A/Frameworks/CFOpenDirectory.framework/Versions/A/CFOpenDirectory
0x00000000088e7000 	/usr/lib/libxslt.1.dylib
0x00000000088e7000 	/System/Library/PrivateFrameworks/FamilyControls.framework/Versions/A/FamilyControls
0x00000000088e7000 	/System/Library/Frameworks/Carbon.framework/Versions/A/Frameworks/Ink.framework/Versions/A/Ink
0x00000000088e7000 	/System/Library/Frameworks/ApplicationServices.framework/Versions/A/Frameworks/CoreGraphics.framework/Versions/A/CoreGraphics
0x00000000088e7000 	/System/Library/Frameworks/ApplicationServices.framework/Versions/A/Frameworks/ATS.framework/Versions/A/ATS
0x00000000088e7000 	/System/Library/Frameworks/ApplicationServices.framework/Versions/A/Frameworks/ColorSync.framework/Versions/A/ColorSync
0x00000000088e7000 	/System/Library/Frameworks/ApplicationServices.framework/Versions/A/Frameworks/HIServices.framework/Versions/A/HIServices
0x00000000088e7000 	/System/Library/Frameworks/ApplicationServices.framework/Versions/A/Frameworks/LangAnalysis.framework/Versions/A/LangAnalysis
0x00000000088e7000 	/System/Library/Frameworks/ApplicationServices.framework/Versions/A/Frameworks/PrintCore.framework/Versions/A/PrintCore
0x00000000088e7000 	/System/Library/Frameworks/ApplicationServices.framework/Versions/A/Frameworks/QD.framework/Versions/A/QD
0x00000000088e7000 	/System/Library/Frameworks/ApplicationServices.framework/Versions/A/Frameworks/SpeechSynthesis.framework/Versions/A/SpeechSynthesis
0x00000000088e7000 	/System/Library/Frameworks/IOSurface.framework/Versions/A/IOSurface
0x00000000088e7000 	/System/Library/Frameworks/Accelerate.framework/Versions/A/Accelerate
0x00000000088e7000 	/System/Library/Frameworks/ApplicationServices.framework/Versions/A/Frameworks/ATS.framework/Versions/A/Resources/libFontParser.dylib
0x00000000088e7000 	/System/Library/Frameworks/ApplicationServices.framework/Versions/A/Frameworks/ATS.framework/Versions/A/Resources/libFontRegistry.dylib
0x00000000088e7000 	/System/Library/Frameworks/Accelerate.framework/Versions/A/Frameworks/vImage.framework/Versions/A/vImage
0x00000000088e7000 	/System/Library/Frameworks/Accelerate.framework/Versions/A/Frameworks/vecLib.framework/Versions/A/vecLib
0x00000000088e7000 	/System/Library/Frameworks/Accelerate.framework/Versions/A/Frameworks/vecLib.framework/Versions/A/libvDSP.dylib
0x00000000088e7000 	/System/Library/Frameworks/Accelerate.framework/Versions/A/Frameworks/vecLib.framework/Versions/A/libvMisc.dylib
0x00000000088e7000 	/System/Library/Frameworks/Accelerate.framework/Versions/A/Frameworks/vecLib.framework/Versions/A/libLAPACK.dylib
0x00000000088e7000 	/System/Library/Frameworks/Accelerate.framework/Versions/A/Frameworks/vecLib.framework/Versions/A/libBLAS.dylib
0x00000000088e7000 	/System/Library/Frameworks/ImageIO.framework/Versions/A/Resources/libJPEG.dylib
0x00000000088e7000 	/System/Library/Frameworks/ImageIO.framework/Versions/A/Resources/libTIFF.dylib
0x00000000088e7000 	/System/Library/Frameworks/ImageIO.framework/Versions/A/Resources/libPng.dylib
0x00000000088e7000 	/System/Library/Frameworks/ImageIO.framework/Versions/A/Resources/libGIF.dylib
0x00000000088e7000 	/System/Library/Frameworks/ImageIO.framework/Versions/A/Resources/libJP2.dylib
0x00000000088e7000 	/System/Library/Frameworks/ImageIO.framework/Versions/A/Resources/libRadiance.dylib
0x00000000088e7000 	/usr/lib/libcups.2.dylib
0x00000000088e7000 	/System/Library/Frameworks/Kerberos.framework/Versions/A/Kerberos
0x00000000088e7000 	/System/Library/Frameworks/GSS.framework/Versions/A/GSS
0x00000000088e7000 	/usr/lib/libresolv.9.dylib
0x00000000088e7000 	/usr/lib/libiconv.2.dylib
0x00000000088e7000 	/System/Library/PrivateFrameworks/Heimdal.framework/Versions/A/Heimdal
0x00000000088e7000 	/System/Library/PrivateFrameworks/TrustEvaluationAgent.framework/Versions/A/TrustEvaluationAgent
0x00000000088e7000 	/System/Library/Frameworks/OpenDirectory.framework/Versions/A/OpenDirectory
0x00000000088e7000 	/System/Library/PrivateFrameworks/CommonAuth.framework/Versions/A/CommonAuth
0x00000000088e7000 	/System/Library/PrivateFrameworks/Bom.framework/Versions/A/Bom
0x00000000088e7000 	/System/Library/Frameworks/CoreVideo.framework/Versions/A/CoreVideo
0x00000000088e7000 	/System/Library/Frameworks/QuartzCore.framework/Versions/A/Frameworks/CoreImage.framework/Versions/A/CoreImage
0x00000000088e7000 	/System/Library/Frameworks/QuartzCore.framework/Versions/A/Frameworks/ScalableUserInterface.framework/Versions/A/ScalableUserInterface
0x00000000088e7000 	/System/Library/Frameworks/OpenGL.framework/Versions/A/Libraries/libGLU.dylib
0x00000000088e7000 	/System/Library/Frameworks/OpenGL.framework/Versions/A/Libraries/libGFXShared.dylib
0x00000000088e7000 	/System/Library/Frameworks/OpenGL.framework/Versions/A/Libraries/libGL.dylib
0x00000000088e7000 	/System/Library/Frameworks/OpenGL.framework/Versions/A/Libraries/libGLImage.dylib
0x00000000088e7000 	/System/Library/Frameworks/OpenGL.framework/Versions/A/Libraries/libCVMSPluginSupport.dylib
0x00000000088e7000 	/System/Library/Frameworks/OpenGL.framework/Versions/A/Libraries/libCoreVMClient.dylib
0x00000000088e7000 	/System/Library/PrivateFrameworks/CrashReporterSupport.framework/Versions/A/CrashReporterSupport
0x00000000088e7000 	/System/Library/Frameworks/OpenCL.framework/Versions/A/OpenCL
0x00000000088e7000 	/System/Library/PrivateFrameworks/FaceCoreLight.framework/Versions/A/FaceCoreLight
0x00000000088e7000 	/System/Library/PrivateFrameworks/AppleFSCompression.framework/Versions/A/AppleFSCompression
0x00000000088e7000 	/System/Library/PrivateFrameworks/Ubiquity.framework/Versions/A/Ubiquity
0x00000000088e7000 	/System/Library/Frameworks/ServiceManagement.framework/Versions/A/ServiceManagement
0x00000000088e7000 	/System/Library/PrivateFrameworks/ChunkingLibrary.framework/Versions/A/ChunkingLibrary
0x00000000088e7000 	/System/Library/Frameworks/vecLib.framework/Versions/A/vecLib
0x00000000088e7000 	/System/Library/Frameworks/SecurityFoundation.framework/Versions/A/SecurityFoundation
0x00000000088e7000 	/System/Library/PrivateFrameworks/CommerceKit.framework/Versions/A/Frameworks/CommerceCore.framework/Versions/A/CommerceCore
0x00000000088e7000 	/System/Library/PrivateFrameworks/CoreSymbolication.framework/Versions/A/CoreSymbolication
0x00000000088e7000 	/System/Library/PrivateFrameworks/Symbolication.framework/Versions/A/Symbolication
0x00000000088e7000 	/System/Library/PrivateFrameworks/DebugSymbols.framework/Versions/A/DebugSymbols
0x0000000104dbc000 	/Library/Java/JavaVirtualMachines/jdk1.7.0_40.jdk/Contents/Home/jre/lib/server/libjvm.dylib
0x0000000105911000 	/Library/Java/JavaVirtualMachines/jdk1.7.0_40.jdk/Contents/Home/jre/lib/libverify.dylib
0x000000010591e000 	/Library/Java/JavaVirtualMachines/jdk1.7.0_40.jdk/Contents/Home/jre/lib/libjava.dylib
0x00000001059db000 	/Library/Java/JavaVirtualMachines/jdk1.7.0_40.jdk/Contents/Home/jre/lib/libzip.dylib
0x0000000114db0000 	/System/Library/Frameworks/JavaVM.framework/Frameworks/JavaRuntimeSupport.framework/JavaRuntimeSupport
0x0000000114dc8000 	/System/Library/Frameworks/JavaVM.framework/Versions/A/Frameworks/JavaNativeFoundation.framework/Versions/A/JavaNativeFoundation
0x0000000114ddd000 	/System/Library/Frameworks/JavaVM.framework/Versions/A/JavaVM
0x00000000088e7000 	/System/Library/Frameworks/Carbon.framework/Versions/A/Carbon
0x0000000114dea000 	/System/Library/PrivateFrameworks/JavaLaunching.framework/Versions/A/JavaLaunching
0x00000000088e7000 	/System/Library/Frameworks/Carbon.framework/Versions/A/Frameworks/CommonPanels.framework/Versions/A/CommonPanels
0x00000000088e7000 	/System/Library/Frameworks/Carbon.framework/Versions/A/Frameworks/Help.framework/Versions/A/Help
0x00000000088e7000 	/System/Library/Frameworks/Carbon.framework/Versions/A/Frameworks/ImageCapture.framework/Versions/A/ImageCapture
0x00000000088e7000 	/System/Library/Frameworks/Carbon.framework/Versions/A/Frameworks/OpenScripting.framework/Versions/A/OpenScripting
0x00000000088e7000 	/System/Library/Frameworks/Carbon.framework/Versions/A/Frameworks/Print.framework/Versions/A/Print
0x00000000088e7000 	/System/Library/Frameworks/Carbon.framework/Versions/A/Frameworks/SecurityHI.framework/Versions/A/SecurityHI
0x000000011546f000 	/Library/Java/JavaVirtualMachines/jdk1.7.0_40.jdk/Contents/Home/jre/lib/libawt.dylib
0x000000011551e000 	/Library/Java/JavaVirtualMachines/jdk1.7.0_40.jdk/Contents/Home/jre/lib/./libmlib_image.dylib
0x00000001155ea000 	/Library/Java/JavaVirtualMachines/jdk1.7.0_40.jdk/Contents/Home/jre/lib/lwawt/liblwawt.dylib
0x000000011569e000 	/Library/Java/JavaVirtualMachines/jdk1.7.0_40.jdk/Contents/Home/jre/lib/libosxapp.dylib
0x00000001156b8000 	/System/Library/Frameworks/ExceptionHandling.framework/Versions/A/ExceptionHandling
0x00000000088e7000 	/System/Library/PrivateFrameworks/CoreServicesInternal.framework/Versions/A/CoreServicesInternal
0x00000000088e7000 	/System/Library/PrivateFrameworks/Librarian.framework/Versions/A/Librarian
0x00000000088e7000 	/System/Library/Frameworks/ApplicationServices.framework/Versions/A/Frameworks/CoreGraphics.framework/Versions/A/Resources/libCSync.A.dylib
0x00000000088e7000 	/System/Library/Frameworks/ApplicationServices.framework/Versions/A/Frameworks/CoreGraphics.framework/Versions/A/Resources/libRIP.A.dylib
0x00000000088e7000 	/System/Library/Frameworks/ApplicationServices.framework/Versions/A/Frameworks/CoreGraphics.framework/Versions/A/Resources/libCGXType.A.dylib
0x0000000119234000 	/System/Library/Frameworks/OpenGL.framework/Resources/GLEngine.bundle/GLEngine
0x0000000119429000 	/System/Library/Frameworks/OpenGL.framework/Versions/A/Libraries/libGLProgrammability.dylib
0x0000000000000000 	/System/Library/Extensions/GeForceGLDriver.bundle/Contents/MacOS/GeForceGLDriver
0x0000000116a93000 	/System/Library/PrivateFrameworks/GPUSupport.framework/Versions/A/Libraries/libGPUSupport.dylib
0x00000000088e7000 	/System/Library/Extensions/GeForceGLDriver.bundle/Contents/MacOS/libclh.dylib
0x00000001195d1000 	/System/Library/Extensions/AppleIntelHD4000GraphicsGLDriver.bundle/Contents/MacOS/AppleIntelHD4000GraphicsGLDriver
0x0000000116aa8000 	/System/Library/PrivateFrameworks/IOAccelerator.framework/Versions/A/IOAccelerator
0x0000000116ab5000 	/System/Library/PrivateFrameworks/GPUSupport.framework/Versions/A/Libraries/libGPUSupportMercury.dylib
0x0000000117815000 	/System/Library/Frameworks/OpenGL.framework/Resources//GLRendererFloat.bundle/GLRendererFloat
0x0000000116acc000 	/System/Library/Frameworks/OpenCL.framework/Versions/A/Libraries/libcldcpuengine.dylib
0x00000000088e7000 	/System/Library/PrivateFrameworks/DiskImages.framework/Versions/A/DiskImages
0x00000000088e7000 	/System/Library/Frameworks/DiscRecording.framework/Versions/A/DiscRecording
0x00000000088e7000 	/usr/lib/libcurl.4.dylib
0x00000000088e7000 	/System/Library/PrivateFrameworks/MediaKit.framework/Versions/A/MediaKit
0x00000000088e7000 	/usr/lib/libssl.0.9.8.dylib
0x00000000088e7000 	/usr/lib/libcrypto.0.9.8.dylib
0x00000000088e7000 	/System/Library/Frameworks/LDAP.framework/Versions/A/LDAP
0x00000000088e7000 	/usr/lib/libsasl2.2.dylib
0x000000011a5b3000 	/Library/Java/JavaVirtualMachines/jdk1.7.0_40.jdk/Contents/Home/jre/lib/libfontmanager.dylib
0x000000011a61d000 	/Library/Java/JavaVirtualMachines/jdk1.7.0_40.jdk/Contents/Home/jre/lib/libosxui.dylib
0x000000011ce87000 	/Library/Java/JavaVirtualMachines/jdk1.7.0_40.jdk/Contents/Home/jre/lib/libnet.dylib
0x000000011cee4000 	/Library/Java/JavaVirtualMachines/jdk1.7.0_40.jdk/Contents/Home/jre/lib/libnio.dylib
0x000000011dd48000 	/Library/Java/JavaVirtualMachines/jdk1.7.0_40.jdk/Contents/Home/jre/lib/libdcpr.dylib

VM Arguments:
jvm_args: -Dfile.encoding=US-ASCII 
java_command: view.MainView
Launcher Type: SUN_STANDARD

Environment Variables:
PATH=/usr/bin:/bin:/usr/sbin:/sbin
SHELL=/bin/bash

Signal Handlers:
SIGSEGV: [libjvm.dylib+0x524b25], sa_mask[0]=0xfffefeff, sa_flags=0x00000043
SIGBUS: [libjvm.dylib+0x524b25], sa_mask[0]=0xfffefeff, sa_flags=0x00000042
SIGFPE: [libjvm.dylib+0x4180e6], sa_mask[0]=0xfffefeff, sa_flags=0x00000042
SIGPIPE: [libjvm.dylib+0x4180e6], sa_mask[0]=0xfffefeff, sa_flags=0x00000042
SIGXFSZ: [libjvm.dylib+0x4180e6], sa_mask[0]=0xfffefeff, sa_flags=0x00000042
SIGILL: [libjvm.dylib+0x4180e6], sa_mask[0]=0xfffefeff, sa_flags=0x00000042
SIGUSR1: SIG_DFL, sa_mask[0]=0x00000000, sa_flags=0x00000002
SIGUSR2: [libjvm.dylib+0x417bd8], sa_mask[0]=0x00000004, sa_flags=0x00000042
SIGHUP: [libjvm.dylib+0x415e67], sa_mask[0]=0xfffefeff, sa_flags=0x00000042
SIGINT: [libjvm.dylib+0x415e67], sa_mask[0]=0xfffefeff, sa_flags=0x00000042
SIGTERM: [libjvm.dylib+0x415e67], sa_mask[0]=0xfffefeff, sa_flags=0x00000042
SIGQUIT: [libjvm.dylib+0x415e67], sa_mask[0]=0xfffefeff, sa_flags=0x00000042


---------------  S Y S T E M  ---------------

OS:Bsduname:Darwin 12.5.0 Darwin Kernel Version 12.5.0: Sun Sep 29 13:33:47 PDT 2013; root:xnu-2050.48.12~1/RELEASE_X86_64 x86_64
rlimit: STACK 8192k, CORE 0k, NPROC 709, NOFILE 10240, AS infinity
load average:1.05 0.99 0.99

CPU:total 8 (4 cores per cpu, 2 threads per core) family 6 model 58 stepping 9, cmov, cx8, fxsr, mmx, sse, sse2, sse3, ssse3, sse4.1, sse4.2, popcnt, avx, aes, erms, ht, tsc, tscinvbit, tscinv

Memory: 4k page, physical 16777216k(4194304k free)

/proc/meminfo:


vm_info: Java HotSpot(TM) 64-Bit Server VM (24.0-b56) for bsd-amd64 JRE (1.7.0_40-b43), built on Aug 26 2013 21:29:19 by "java_re" with gcc 4.2.1 (Based on Apple Inc. build 5658) (LLVM build 2336.11.00)

time: Tue Jan  7 13:36:32 2014
elapsed time: 9408 seconds

