#
# A fatal error has been detected by the Java Runtime Environment:
#
#  SIGSEGV (0xb) at pc=0x00007fff8f9c524c, pid=4041, tid=40723
#
# JRE version: Java(TM) SE Runtime Environment (7.0_40-b43) (build 1.7.0_40-b43)
# Java VM: Java HotSpot(TM) 64-Bit Server VM (24.0-b56 mixed mode bsd-amd64 compressed oops)
# Problematic frame:
# C  [libobjc.A.dylib+0x624c]  objc_msgSend+0xc
#
# Failed to write core dump. Core dumps have been disabled. To enable core dumping, try "ulimit -c unlimited" before starting Java again
#
# If you would like to submit a bug report, please visit:
#   http://bugreport.sun.com/bugreport/crash.jsp
# The crash happened outside the Java Virtual Machine in native code.
# See problematic frame for where to report the bug.
#

---------------  T H R E A D  ---------------

Current thread (0x00007fae49868800):  JavaThread "Java2D Queue Flusher" daemon [_thread_in_native, id=40723, stack(0x0000000122e7f000,0x0000000122f7f000)]

siginfo:si_signo=SIGSEGV: si_errno=0, si_code=0 (SEGV0), si_addr=0x0000000000000000

Registers:
RAX=0x00007fae4b061000, RBX=0x00007fae498689e8, RCX=0x00007fae4b061070, RDX=0x00000000a1a1a1a1
RSP=0x0000000122f7e848, RBP=0x0000000122f7e870, RSI=0x00007fff8f50b082, RDI=0xe000000000000000
R8 =0x0000000000002060, R9 =0x0000000122f7e7b0, R10=0x000000010f78b66c, R11=0x000000010efc09af
R12=0x00007fae4b061068, R13=0x00000006fb1e7130, R14=0x00007fae5117a600, R15=0x00007fae511519a0
RIP=0x00007fff8f9c524c, EFLAGS=0x0000000000010246, ERR=0x0000000000000000
  TRAPNO=0x000000000000000d

Top of Stack: (sp=0x0000000122f7e848)
0x0000000122f7e848:   000000011f3914cd 00007fae5117a640
0x0000000122f7e858:   0000000000000000 00007fae49870810
0x0000000122f7e868:   00007fae49868800 0000000122f7e8f0
0x0000000122f7e878:   000000011f386f06 00007fae49868800
0x0000000122f7e888:   000000000000b303 00007fae49161c00
0x0000000122f7e898:   0000000200000001 0000000000000001
0x0000000122f7e8a8:   0000000000000000 0000000000000000
0x0000000122f7e8b8:   00007fae49870820 0000000700d22f48
0x0000000122f7e8c8:   00007fae498689e8 00000006fb1e7130
0x0000000122f7e8d8:   0000000000000000 0000000122f7e998
0x0000000122f7e8e8:   00007fae49868800 0000000122f7e960
0x0000000122f7e8f8:   000000010f78b698 00007fae49868800
0x0000000122f7e908:   00007fae49161788 0000000122f7e940
0x0000000122f7e918:   000000010f00fbb3 0000000122f7e920
0x0000000122f7e928:   0000000000000000 0000000122f7e998
0x0000000122f7e938:   00000006fb1e8908 0000000000000000
0x0000000122f7e948:   00000006fb1e7130 0000000000000000
0x0000000122f7e958:   0000000122f7e980 0000000122f7e9e0
0x0000000122f7e968:   000000010f77f058 0000000000000000
0x0000000122f7e978:   000000010f787cd8 0000000000000020
0x0000000122f7e988:   00007fae49870800 00000007aeb03b78
0x0000000122f7e998:   00000007aeb03b60 0000000122f7e9a0
0x0000000122f7e9a8:   00000006fb1e7215 0000000122f7e9f8
0x0000000122f7e9b8:   00000006fb1e8908 0000000000000000
0x0000000122f7e9c8:   00000006fb1e7238 0000000122f7e980
0x0000000122f7e9d8:   0000000122f7ea00 00000006fae236e8
0x0000000122f7e9e8:   000000010f80fc74 0000000000000020
0x0000000122f7e9f8:   00000007aeb03b60 0000000122f7ea58
0x0000000122f7ea08:   00000007aeb28000 0000000600000000
0x0000000122f7ea18:   00000007aeb28000 0000000000000000
0x0000000122f7ea28:   0000000122f7ea58 0000000000000001
0x0000000122f7ea38:   000000010f7794e7 0000000122f7eac0 

Instructions: (pc=0x00007fff8f9c524c)
0x00007fff8f9c522c:   90 90 90 90 90 90 90 90 90 90 90 90 90 90 90 90
0x00007fff8f9c523c:   90 90 90 90 48 85 ff 74 2b 40 f6 c7 01 2e 75 3b
0x00007fff8f9c524c:   4c 8b 1f 50 4d 8b 53 10 89 f0 41 23 02 4d 8b 5c
0x00007fff8f9c525c:   c2 10 ff c0 4d 85 db 74 36 49 3b 33 75 ec 58 41 

Register to memory mapping:

RAX=0x00007fae4b061000 is an unknown value
RBX=0x00007fae498689e8 is an unknown value
RCX=0x00007fae4b061070 is an unknown value
RDX=0x00000000a1a1a1a1 is an unknown value
RSP=0x0000000122f7e848 is pointing into the stack for thread: 0x00007fae49868800
RBP=0x0000000122f7e870 is pointing into the stack for thread: 0x00007fae49868800
RSI=0x00007fff8f50b082: NSAppKitVersionNumber+0x144a2 in /System/Library/Frameworks/AppKit.framework/Versions/C/AppKit at 0x00007fff8eb7a000
RDI=0xe000000000000000 is an unknown value
R8 =0x0000000000002060 is an unknown value
R9 =0x0000000122f7e7b0 is pointing into the stack for thread: 0x00007fae49868800
R10=0x000000010f78b66c is at code_begin+620 in an Interpreter codelet
method entry point (kind = native)  [0x000000010f78b400, 0x000000010f78bc40]  2112 bytes
R11=0x000000010efc09af: throw_unsatisfied_link_error+0 in /Library/Java/JavaVirtualMachines/jdk1.7.0_40.jdk/Contents/Home/jre/lib/server/libjvm.dylib at 0x000000010eb51000
R12=0x00007fae4b061068 is an unknown value
R13=0x00000006fb1e7130 is an oop
{method} 
 - klass: {other class}
R14=0x00007fae5117a600 is an unknown value
R15=0x00007fae511519a0 is an unknown value


Stack: [0x0000000122e7f000,0x0000000122f7f000],  sp=0x0000000122f7e848,  free space=1022k
Native frames: (J=compiled Java code, j=interpreted, Vv=VM code, C=native code)
C  [libobjc.A.dylib+0x624c]  objc_msgSend+0xc
C  [liblwawt.dylib+0x7f06]  Java_sun_java2d_opengl_OGLRenderQueue_flushBuffer+0x63a
j  sun.java2d.opengl.OGLRenderQueue.flushBuffer(JI)V+0
j  sun.java2d.opengl.OGLRenderQueue.flushBuffer()V+21

Java frames: (J=compiled Java code, j=interpreted, Vv=VM code)
j  sun.java2d.opengl.OGLRenderQueue.flushBuffer(JI)V+0
j  sun.java2d.opengl.OGLRenderQueue.flushBuffer()V+21
J  sun.java2d.opengl.OGLRenderQueue$QueueFlusher.run()V
v  ~StubRoutines::call_stub

---------------  P R O C E S S  ---------------

Java Threads: ( => current thread )
  0x00007fae48b4a000 JavaThread "TimerQueue" daemon [_thread_blocked, id=53047, stack(0x000000012735a000,0x000000012745a000)]
  0x00007fae4a93e800 JavaThread "DestroyJavaVM" [_thread_blocked, id=6403, stack(0x000000010f5a4000,0x000000010f6a4000)]
  0x00007fae498e8800 JavaThread "AWT-EventQueue-0" [_thread_blocked, id=51215, stack(0x0000000125989000,0x0000000125a89000)]
  0x00007fae4a8cb000 JavaThread "Java2D Disposer" daemon [_thread_blocked, id=45827, stack(0x0000000124245000,0x0000000124345000)]
=>0x00007fae49868800 JavaThread "Java2D Queue Flusher" daemon [_thread_in_native, id=40723, stack(0x0000000122e7f000,0x0000000122f7f000)]
  0x00007fae4b02c000 JavaThread "AWT-Shutdown" [_thread_blocked, id=30979, stack(0x00000001206d6000,0x00000001207d6000)]
  0x00007fae4a827000 JavaThread "AppKit Thread" daemon [_thread_blocked, id=1799, stack(0x00007fff509dc000,0x00007fff511dc000)]
  0x00007fae4a80a800 JavaThread "Service Thread" daemon [_thread_blocked, id=25091, stack(0x000000011ef9d000,0x000000011f09d000)]
  0x00007fae4a809800 JavaThread "C2 CompilerThread1" daemon [_thread_blocked, id=24579, stack(0x000000011ee9a000,0x000000011ef9a000)]
  0x00007fae4a808000 JavaThread "C2 CompilerThread0" daemon [_thread_blocked, id=24067, stack(0x000000011ed97000,0x000000011ee97000)]
  0x00007fae4a807000 JavaThread "Signal Dispatcher" daemon [_thread_blocked, id=23555, stack(0x000000011ec94000,0x000000011ed94000)]
  0x00007fae4983d000 JavaThread "Finalizer" daemon [_thread_blocked, id=18947, stack(0x000000011ea43000,0x000000011eb43000)]
  0x00007fae4983a000 JavaThread "Reference Handler" daemon [_thread_blocked, id=18435, stack(0x000000011e940000,0x000000011ea40000)]

Other Threads:
  0x00007fae4882d000 VMThread [stack: 0x000000011e83d000,0x000000011e93d000] [id=17923]
  0x00007fae4a803000 WatcherThread [stack: 0x000000011f0a0000,0x000000011f1a0000] [id=25603]

VM state:not at safepoint (normal execution)

VM Mutex/Monitor currently owned by a thread: None

Heap
 PSYoungGen      total 76800K, used 11188K [0x00000007aaa80000, 0x00000007b0000000, 0x0000000800000000)
  eden space 66048K, 9% used [0x00000007aaa80000,0x00000007ab085470,0x00000007aeb00000)
  from space 10752K, 46% used [0x00000007aeb00000,0x00000007aefe7ea0,0x00000007af580000)
  to   space 10752K, 0% used [0x00000007af580000,0x00000007af580000,0x00000007b0000000)
 ParOldGen       total 174592K, used 8K [0x0000000700000000, 0x000000070aa80000, 0x00000007aaa80000)
  object space 174592K, 0% used [0x0000000700000000,0x0000000700002000,0x000000070aa80000)
 PSPermGen       total 21504K, used 11410K [0x00000006fae00000, 0x00000006fc300000, 0x0000000700000000)
  object space 21504K, 53% used [0x00000006fae00000,0x00000006fb924970,0x00000006fc300000)

Card table byte_map: [0x0000000112839000,0x0000000113063000] byte_map_base: 0x000000010f062000

Polling page: 0x000000010f6e3000

Code Cache  [0x000000010f779000, 0x000000010f9e9000, 0x0000000112779000)
 total_blobs=493 nmethods=50 adapters=397 free_code_cache=48556Kb largest_free_block=49702144

Compilation events (10 events):
Event: 935.220 Thread 0x00007fae4a808000   46             java.util.concurrent.locks.ReentrantLock::tryLock (9 bytes)
Event: 935.221 Thread 0x00007fae4a808000 nmethod 46 0x000000010f80ea90 code [0x000000010f80ebe0, 0x000000010f80ecd8]
Event: 1027.865 Thread 0x00007fae4a809800   48             sun.java2d.pipe.RenderQueue::tryLock (4 bytes)
Event: 1027.866 Thread 0x00007fae4a809800 nmethod 48 0x000000010f80e3d0 code [0x000000010f80e520, 0x000000010f80e638]
Event: 1027.966 Thread 0x00007fae4a808000   49             sun.java2d.opengl.OGLRenderQueue::access$000 (5 bytes)
Event: 1027.966 Thread 0x00007fae4a808000 nmethod 49 0x000000010f809c50 code [0x000000010f809d80, 0x000000010f809dd8]
Event: 1433.633 Thread 0x00007fae4a809800   50 %s!         sun.java2d.opengl.OGLRenderQueue$QueueFlusher::run @ 2 (234 bytes)
Event: 1433.642 Thread 0x00007fae4a809800 nmethod 50% 0x000000010f80f750 code [0x000000010f80f980, 0x000000010f8101f8]
Event: 83422.162 Thread 0x00007fae4a808000   51             sun.java2d.loops.SurfaceType::getUniqueID (5 bytes)
Event: 83422.173 Thread 0x00007fae4a808000 nmethod 51 0x000000010f80f550 code [0x000000010f80f680, 0x000000010f80f6d8]

GC Heap History (2 events):
Event: 83830.183 GC heap before
{Heap before GC invocations=1 (full 0):
 PSYoungGen      total 76800K, used 65907K [0x00000007aaa80000, 0x00000007b0000000, 0x0000000800000000)
  eden space 66048K, 99% used [0x00000007aaa80000,0x00000007aeadcef0,0x00000007aeb00000)
  from space 10752K, 0% used [0x00000007af580000,0x00000007af580000,0x00000007b0000000)
  to   space 10752K, 0% used [0x00000007aeb00000,0x00000007aeb00000,0x00000007af580000)
 ParOldGen       total 174592K, used 0K [0x0000000700000000, 0x000000070aa80000, 0x00000007aaa80000)
  object space 174592K, 0% used [0x0000000700000000,0x0000000700000000,0x000000070aa80000)
 PSPermGen       total 21504K, used 11410K [0x00000006fae00000, 0x00000006fc300000, 0x0000000700000000)
  object space 21504K, 53% used [0x00000006fae00000,0x00000006fb9248c8,0x00000006fc300000)
Event: 83830.284 GC heap after
Heap after GC invocations=1 (full 0):
 PSYoungGen      total 76800K, used 5023K [0x00000007aaa80000, 0x00000007b0000000, 0x0000000800000000)
  eden space 66048K, 0% used [0x00000007aaa80000,0x00000007aaa80000,0x00000007aeb00000)
  from space 10752K, 46% used [0x00000007aeb00000,0x00000007aefe7ea0,0x00000007af580000)
  to   space 10752K, 0% used [0x00000007af580000,0x00000007af580000,0x00000007b0000000)
 ParOldGen       total 174592K, used 8K [0x0000000700000000, 0x000000070aa80000, 0x00000007aaa80000)
  object space 174592K, 0% used [0x0000000700000000,0x0000000700002000,0x000000070aa80000)
 PSPermGen       total 21504K, used 11410K [0x00000006fae00000, 0x00000006fc300000, 0x0000000700000000)
  object space 21504K, 53% used [0x00000006fae00000,0x00000006fb9248c8,0x00000006fc300000)
}

Deoptimization events (5 events):
Event: 1.060 Thread 0x00007fae49800800 Uncommon trap: reason=class_check action=maybe_recompile pc=0x000000010f7ef34c method=java.lang.String.equals(Ljava/lang/Object;)Z @ 8
Event: 1.061 Thread 0x00007fae49800800 Uncommon trap: reason=class_check action=maybe_recompile pc=0x000000010f7ef34c method=java.lang.String.equals(Ljava/lang/Object;)Z @ 8
Event: 1.061 Thread 0x00007fae49800800 Uncommon trap: reason=class_check action=maybe_recompile pc=0x000000010f7ef34c method=java.lang.String.equals(Ljava/lang/Object;)Z @ 8
Event: 1.061 Thread 0x00007fae49800800 Uncommon trap: reason=class_check action=maybe_recompile pc=0x000000010f7ef34c method=java.lang.String.equals(Ljava/lang/Object;)Z @ 8
Event: 1.093 Thread 0x00007fae498e8800 Uncommon trap: reason=unloaded action=reinterpret pc=0x000000010f7f9040 method=java.lang.CharacterData.of(I)Ljava/lang/CharacterData; @ 96

Internal exceptions (10 events):
Event: 7.893 Thread 0x00007fae498e8800 Threw 0x00000007ab23cfd0 at /HUDSON/workspace/jdk7u40-2-build-macosx-amd64-product/jdk7u40/hotspot/src/share/vm/prims/jvm.cpp:1244
Event: 7.895 Thread 0x00007fae498e8800 Threw 0x00000007ab241998 at /HUDSON/workspace/jdk7u40-2-build-macosx-amd64-product/jdk7u40/hotspot/src/share/vm/prims/jvm.cpp:1244
Event: 7.898 Thread 0x00007fae498e8800 Threw 0x00000007ab246128 at /HUDSON/workspace/jdk7u40-2-build-macosx-amd64-product/jdk7u40/hotspot/src/share/vm/prims/jvm.cpp:1244
Event: 7.899 Thread 0x00007fae498e8800 Threw 0x00000007ab24eaa8 at /HUDSON/workspace/jdk7u40-2-build-macosx-amd64-product/jdk7u40/hotspot/src/share/vm/prims/jvm.cpp:1244
Event: 7.900 Thread 0x00007fae498e8800 Threw 0x00000007ab2528f8 at /HUDSON/workspace/jdk7u40-2-build-macosx-amd64-product/jdk7u40/hotspot/src/share/vm/prims/jvm.cpp:1244
Event: 7.916 Thread 0x00007fae498e8800 Threw 0x00000007ab26b720 at /HUDSON/workspace/jdk7u40-2-build-macosx-amd64-product/jdk7u40/hotspot/src/share/vm/prims/jni.cpp:1632
Event: 8.018 Thread 0x00007fae498e8800 Threw 0x00000007ab2c4558 at /HUDSON/workspace/jdk7u40-2-build-macosx-amd64-product/jdk7u40/hotspot/src/share/vm/prims/jvm.cpp:1244
Event: 8.021 Thread 0x00007fae498e8800 Threw 0x00000007ab2c8cb8 at /HUDSON/workspace/jdk7u40-2-build-macosx-amd64-product/jdk7u40/hotspot/src/share/vm/prims/jvm.cpp:1244
Event: 8.022 Thread 0x00007fae498e8800 Threw 0x00000007ab2cc880 at /HUDSON/workspace/jdk7u40-2-build-macosx-amd64-product/jdk7u40/hotspot/src/share/vm/prims/jvm.cpp:1244
Event: 8.023 Thread 0x00007fae498e8800 Threw 0x00000007ab2d0930 at /HUDSON/workspace/jdk7u40-2-build-macosx-amd64-product/jdk7u40/hotspot/src/share/vm/prims/jvm.cpp:1244

Events (10 events):
Event: 83830.308 Executing VM operation: RevokeBias
Event: 83830.308 Executing VM operation: RevokeBias done
Event: 83830.308 Executing VM operation: RevokeBias
Event: 83830.308 Executing VM operation: RevokeBias done
Event: 83830.308 Executing VM operation: RevokeBias
Event: 83830.308 Executing VM operation: RevokeBias done
Event: 83830.308 Executing VM operation: RevokeBias
Event: 83830.308 Executing VM operation: RevokeBias done
Event: 83830.308 Executing VM operation: RevokeBias
Event: 83830.308 Executing VM operation: RevokeBias done


Dynamic libraries:
0x00000000088e7000 	/System/Library/Frameworks/Cocoa.framework/Versions/A/Cocoa
0x00000000088e7000 	/System/Library/Frameworks/Security.framework/Versions/A/Security
0x00000000088e7000 	/System/Library/Frameworks/ApplicationServices.framework/Versions/A/ApplicationServices
0x00000000088e7000 	/usr/lib/libz.1.dylib
0x00000000088e7000 	/usr/lib/libSystem.B.dylib
0x00000000088e7000 	/usr/lib/libobjc.A.dylib
0x00000000088e7000 	/System/Library/Frameworks/CoreFoundation.framework/Versions/A/CoreFoundation
0x00000000088e7000 	/System/Library/Frameworks/Foundation.framework/Versions/C/Foundation
0x00000000088e7000 	/System/Library/Frameworks/AppKit.framework/Versions/C/AppKit
0x00000000088e7000 	/System/Library/Frameworks/CoreData.framework/Versions/A/CoreData
0x00000000088e7000 	/System/Library/PrivateFrameworks/RemoteViewServices.framework/Versions/A/RemoteViewServices
0x00000000088e7000 	/System/Library/Frameworks/AudioToolbox.framework/Versions/A/AudioToolbox
0x00000000088e7000 	/System/Library/Frameworks/AudioUnit.framework/Versions/A/AudioUnit
0x00000000088e7000 	/System/Library/PrivateFrameworks/DataDetectorsCore.framework/Versions/A/DataDetectorsCore
0x00000000088e7000 	/System/Library/PrivateFrameworks/DesktopServicesPriv.framework/Versions/A/DesktopServicesPriv
0x00000000088e7000 	/System/Library/Frameworks/Carbon.framework/Versions/A/Frameworks/HIToolbox.framework/Versions/A/HIToolbox
0x00000000088e7000 	/System/Library/Frameworks/QuartzCore.framework/Versions/A/QuartzCore
0x00000000088e7000 	/System/Library/Frameworks/Carbon.framework/Versions/A/Frameworks/SpeechRecognition.framework/Versions/A/SpeechRecognition
0x00000000088e7000 	/usr/lib/libauto.dylib
0x00000000088e7000 	/usr/lib/libicucore.A.dylib
0x00000000088e7000 	/usr/lib/libxml2.2.dylib
0x00000000088e7000 	/System/Library/PrivateFrameworks/CoreUI.framework/Versions/A/CoreUI
0x00000000088e7000 	/System/Library/Frameworks/CoreAudio.framework/Versions/A/CoreAudio
0x00000000088e7000 	/System/Library/Frameworks/DiskArbitration.framework/Versions/A/DiskArbitration
0x00000000088e7000 	/usr/lib/liblangid.dylib
0x00000000088e7000 	/System/Library/PrivateFrameworks/MultitouchSupport.framework/Versions/A/MultitouchSupport
0x00000000088e7000 	/System/Library/Frameworks/IOKit.framework/Versions/A/IOKit
0x00000000088e7000 	/usr/lib/libDiagnosticMessagesClient.dylib
0x00000000088e7000 	/System/Library/Frameworks/CoreServices.framework/Versions/A/CoreServices
0x00000000088e7000 	/System/Library/PrivateFrameworks/PerformanceAnalysis.framework/Versions/A/PerformanceAnalysis
0x00000000088e7000 	/System/Library/PrivateFrameworks/GenerationalStorage.framework/Versions/A/GenerationalStorage
0x00000000088e7000 	/System/Library/Frameworks/OpenGL.framework/Versions/A/OpenGL
0x00000000088e7000 	/System/Library/Frameworks/CoreText.framework/Versions/A/CoreText
0x00000000088e7000 	/System/Library/Frameworks/ImageIO.framework/Versions/A/ImageIO
0x00000000088e7000 	/System/Library/PrivateFrameworks/Backup.framework/Versions/A/Backup
0x00000000088e7000 	/System/Library/Frameworks/CFNetwork.framework/Versions/A/CFNetwork
0x00000000088e7000 	/System/Library/Frameworks/SystemConfiguration.framework/Versions/A/SystemConfiguration
0x00000000088e7000 	/usr/lib/libCRFSuite.dylib
0x00000000088e7000 	/System/Library/PrivateFrameworks/TCC.framework/Versions/A/TCC
0x00000000088e7000 	/usr/lib/libc++.1.dylib
0x00000000088e7000 	/usr/lib/libc++abi.dylib
0x00000000088e7000 	/usr/lib/system/libcache.dylib
0x00000000088e7000 	/usr/lib/system/libcommonCrypto.dylib
0x00000000088e7000 	/usr/lib/system/libcompiler_rt.dylib
0x00000000088e7000 	/usr/lib/system/libcopyfile.dylib
0x00000000088e7000 	/usr/lib/system/libdispatch.dylib
0x00000000088e7000 	/usr/lib/system/libdnsinfo.dylib
0x00000000088e7000 	/usr/lib/system/libdyld.dylib
0x00000000088e7000 	/usr/lib/system/libkeymgr.dylib
0x00000000088e7000 	/usr/lib/system/liblaunch.dylib
0x00000000088e7000 	/usr/lib/system/libmacho.dylib
0x00000000088e7000 	/usr/lib/system/libquarantine.dylib
0x00000000088e7000 	/usr/lib/system/libremovefile.dylib
0x00000000088e7000 	/usr/lib/system/libsystem_blocks.dylib
0x00000000088e7000 	/usr/lib/system/libsystem_c.dylib
0x00000000088e7000 	/usr/lib/system/libsystem_dnssd.dylib
0x00000000088e7000 	/usr/lib/system/libsystem_info.dylib
0x00000000088e7000 	/usr/lib/system/libsystem_kernel.dylib
0x00000000088e7000 	/usr/lib/system/libsystem_m.dylib
0x00000000088e7000 	/usr/lib/system/libsystem_network.dylib
0x00000000088e7000 	/usr/lib/system/libsystem_notify.dylib
0x00000000088e7000 	/usr/lib/system/libsystem_sandbox.dylib
0x00000000088e7000 	/usr/lib/system/libunc.dylib
0x00000000088e7000 	/usr/lib/system/libunwind.dylib
0x00000000088e7000 	/usr/lib/system/libxpc.dylib
0x00000000088e7000 	/usr/lib/system/libcorecrypto.dylib
0x00000000088e7000 	/usr/lib/libstdc++.6.dylib
0x00000000088e7000 	/usr/lib/libbsm.0.dylib
0x00000000088e7000 	/usr/lib/libsqlite3.dylib
0x00000000088e7000 	/usr/lib/libxar.1.dylib
0x00000000088e7000 	/usr/lib/libpam.2.dylib
0x00000000088e7000 	/usr/lib/libOpenScriptingUtil.dylib
0x00000000088e7000 	/usr/lib/libbz2.1.0.dylib
0x00000000088e7000 	/System/Library/Frameworks/CoreServices.framework/Versions/A/Frameworks/CarbonCore.framework/Versions/A/CarbonCore
0x00000000088e7000 	/System/Library/Frameworks/CoreServices.framework/Versions/A/Frameworks/Metadata.framework/Versions/A/Metadata
0x00000000088e7000 	/System/Library/Frameworks/CoreServices.framework/Versions/A/Frameworks/OSServices.framework/Versions/A/OSServices
0x00000000088e7000 	/System/Library/Frameworks/CoreServices.framework/Versions/A/Frameworks/SearchKit.framework/Versions/A/SearchKit
0x00000000088e7000 	/System/Library/Frameworks/CoreServices.framework/Versions/A/Frameworks/AE.framework/Versions/A/AE
0x00000000088e7000 	/System/Library/Frameworks/CoreServices.framework/Versions/A/Frameworks/LaunchServices.framework/Versions/A/LaunchServices
0x00000000088e7000 	/System/Library/Frameworks/CoreServices.framework/Versions/A/Frameworks/DictionaryServices.framework/Versions/A/DictionaryServices
0x00000000088e7000 	/System/Library/Frameworks/NetFS.framework/Versions/A/NetFS
0x00000000088e7000 	/usr/lib/system/libkxld.dylib
0x00000000088e7000 	/System/Library/PrivateFrameworks/NetAuth.framework/Versions/A/NetAuth
0x00000000088e7000 	/System/Library/Frameworks/OpenDirectory.framework/Versions/A/Frameworks/CFOpenDirectory.framework/Versions/A/CFOpenDirectory
0x00000000088e7000 	/usr/lib/libxslt.1.dylib
0x00000000088e7000 	/System/Library/PrivateFrameworks/FamilyControls.framework/Versions/A/FamilyControls
0x00000000088e7000 	/System/Library/Frameworks/Carbon.framework/Versions/A/Frameworks/Ink.framework/Versions/A/Ink
0x00000000088e7000 	/System/Library/Frameworks/ApplicationServices.framework/Versions/A/Frameworks/CoreGraphics.framework/Versions/A/CoreGraphics
0x00000000088e7000 	/System/Library/Frameworks/ApplicationServices.framework/Versions/A/Frameworks/ATS.framework/Versions/A/ATS
0x00000000088e7000 	/System/Library/Frameworks/ApplicationServices.framework/Versions/A/Frameworks/ColorSync.framework/Versions/A/ColorSync
0x00000000088e7000 	/System/Library/Frameworks/ApplicationServices.framework/Versions/A/Frameworks/HIServices.framework/Versions/A/HIServices
0x00000000088e7000 	/System/Library/Frameworks/ApplicationServices.framework/Versions/A/Frameworks/LangAnalysis.framework/Versions/A/LangAnalysis
0x00000000088e7000 	/System/Library/Frameworks/ApplicationServices.framework/Versions/A/Frameworks/PrintCore.framework/Versions/A/PrintCore
0x00000000088e7000 	/System/Library/Frameworks/ApplicationServices.framework/Versions/A/Frameworks/QD.framework/Versions/A/QD
0x00000000088e7000 	/System/Library/Frameworks/ApplicationServices.framework/Versions/A/Frameworks/SpeechSynthesis.framework/Versions/A/SpeechSynthesis
0x00000000088e7000 	/System/Library/Frameworks/IOSurface.framework/Versions/A/IOSurface
0x00000000088e7000 	/System/Library/Frameworks/Accelerate.framework/Versions/A/Accelerate
0x00000000088e7000 	/System/Library/Frameworks/ApplicationServices.framework/Versions/A/Frameworks/ATS.framework/Versions/A/Resources/libFontParser.dylib
0x00000000088e7000 	/System/Library/Frameworks/ApplicationServices.framework/Versions/A/Frameworks/ATS.framework/Versions/A/Resources/libFontRegistry.dylib
0x00000000088e7000 	/System/Library/Frameworks/Accelerate.framework/Versions/A/Frameworks/vImage.framework/Versions/A/vImage
0x00000000088e7000 	/System/Library/Frameworks/Accelerate.framework/Versions/A/Frameworks/vecLib.framework/Versions/A/vecLib
0x00000000088e7000 	/System/Library/Frameworks/Accelerate.framework/Versions/A/Frameworks/vecLib.framework/Versions/A/libvDSP.dylib
0x00000000088e7000 	/System/Library/Frameworks/Accelerate.framework/Versions/A/Frameworks/vecLib.framework/Versions/A/libvMisc.dylib
0x00000000088e7000 	/System/Library/Frameworks/Accelerate.framework/Versions/A/Frameworks/vecLib.framework/Versions/A/libLAPACK.dylib
0x00000000088e7000 	/System/Library/Frameworks/Accelerate.framework/Versions/A/Frameworks/vecLib.framework/Versions/A/libBLAS.dylib
0x00000000088e7000 	/System/Library/Frameworks/ImageIO.framework/Versions/A/Resources/libJPEG.dylib
0x00000000088e7000 	/System/Library/Frameworks/ImageIO.framework/Versions/A/Resources/libTIFF.dylib
0x00000000088e7000 	/System/Library/Frameworks/ImageIO.framework/Versions/A/Resources/libPng.dylib
0x00000000088e7000 	/System/Library/Frameworks/ImageIO.framework/Versions/A/Resources/libGIF.dylib
0x00000000088e7000 	/System/Library/Frameworks/ImageIO.framework/Versions/A/Resources/libJP2.dylib
0x00000000088e7000 	/System/Library/Frameworks/ImageIO.framework/Versions/A/Resources/libRadiance.dylib
0x00000000088e7000 	/usr/lib/libcups.2.dylib
0x00000000088e7000 	/System/Library/Frameworks/Kerberos.framework/Versions/A/Kerberos
0x00000000088e7000 	/System/Library/Frameworks/GSS.framework/Versions/A/GSS
0x00000000088e7000 	/usr/lib/libresolv.9.dylib
0x00000000088e7000 	/usr/lib/libiconv.2.dylib
0x00000000088e7000 	/System/Library/PrivateFrameworks/Heimdal.framework/Versions/A/Heimdal
0x00000000088e7000 	/System/Library/PrivateFrameworks/TrustEvaluationAgent.framework/Versions/A/TrustEvaluationAgent
0x00000000088e7000 	/System/Library/Frameworks/OpenDirectory.framework/Versions/A/OpenDirectory
0x00000000088e7000 	/System/Library/PrivateFrameworks/CommonAuth.framework/Versions/A/CommonAuth
0x00000000088e7000 	/System/Library/PrivateFrameworks/Bom.framework/Versions/A/Bom
0x00000000088e7000 	/System/Library/Frameworks/CoreVideo.framework/Versions/A/CoreVideo
0x00000000088e7000 	/System/Library/Frameworks/QuartzCore.framework/Versions/A/Frameworks/CoreImage.framework/Versions/A/CoreImage
0x00000000088e7000 	/System/Library/Frameworks/QuartzCore.framework/Versions/A/Frameworks/ScalableUserInterface.framework/Versions/A/ScalableUserInterface
0x00000000088e7000 	/System/Library/Frameworks/OpenGL.framework/Versions/A/Libraries/libGLU.dylib
0x00000000088e7000 	/System/Library/Frameworks/OpenGL.framework/Versions/A/Libraries/libGFXShared.dylib
0x00000000088e7000 	/System/Library/Frameworks/OpenGL.framework/Versions/A/Libraries/libGL.dylib
0x00000000088e7000 	/System/Library/Frameworks/OpenGL.framework/Versions/A/Libraries/libGLImage.dylib
0x00000000088e7000 	/System/Library/Frameworks/OpenGL.framework/Versions/A/Libraries/libCVMSPluginSupport.dylib
0x00000000088e7000 	/System/Library/Frameworks/OpenGL.framework/Versions/A/Libraries/libCoreVMClient.dylib
0x00000000088e7000 	/System/Library/PrivateFrameworks/CrashReporterSupport.framework/Versions/A/CrashReporterSupport
0x00000000088e7000 	/System/Library/Frameworks/OpenCL.framework/Versions/A/OpenCL
0x00000000088e7000 	/System/Library/PrivateFrameworks/FaceCoreLight.framework/Versions/A/FaceCoreLight
0x00000000088e7000 	/System/Library/PrivateFrameworks/AppleFSCompression.framework/Versions/A/AppleFSCompression
0x00000000088e7000 	/System/Library/PrivateFrameworks/Ubiquity.framework/Versions/A/Ubiquity
0x00000000088e7000 	/System/Library/Frameworks/ServiceManagement.framework/Versions/A/ServiceManagement
0x00000000088e7000 	/System/Library/PrivateFrameworks/ChunkingLibrary.framework/Versions/A/ChunkingLibrary
0x00000000088e7000 	/System/Library/Frameworks/vecLib.framework/Versions/A/vecLib
0x00000000088e7000 	/System/Library/Frameworks/SecurityFoundation.framework/Versions/A/SecurityFoundation
0x00000000088e7000 	/System/Library/PrivateFrameworks/CommerceKit.framework/Versions/A/Frameworks/CommerceCore.framework/Versions/A/CommerceCore
0x00000000088e7000 	/System/Library/PrivateFrameworks/CoreSymbolication.framework/Versions/A/CoreSymbolication
0x00000000088e7000 	/System/Library/PrivateFrameworks/Symbolication.framework/Versions/A/Symbolication
0x00000000088e7000 	/System/Library/PrivateFrameworks/DebugSymbols.framework/Versions/A/DebugSymbols
0x000000010eb51000 	/Library/Java/JavaVirtualMachines/jdk1.7.0_40.jdk/Contents/Home/jre/lib/server/libjvm.dylib
0x000000010f6a6000 	/Library/Java/JavaVirtualMachines/jdk1.7.0_40.jdk/Contents/Home/jre/lib/libverify.dylib
0x000000010f6b3000 	/Library/Java/JavaVirtualMachines/jdk1.7.0_40.jdk/Contents/Home/jre/lib/libjava.dylib
0x000000010f770000 	/Library/Java/JavaVirtualMachines/jdk1.7.0_40.jdk/Contents/Home/jre/lib/libzip.dylib
0x000000011eb45000 	/System/Library/Frameworks/JavaVM.framework/Frameworks/JavaRuntimeSupport.framework/JavaRuntimeSupport
0x000000011eb5d000 	/System/Library/Frameworks/JavaVM.framework/Versions/A/Frameworks/JavaNativeFoundation.framework/Versions/A/JavaNativeFoundation
0x000000011eb72000 	/System/Library/Frameworks/JavaVM.framework/Versions/A/JavaVM
0x00000000088e7000 	/System/Library/Frameworks/Carbon.framework/Versions/A/Carbon
0x000000011eb7f000 	/System/Library/PrivateFrameworks/JavaLaunching.framework/Versions/A/JavaLaunching
0x00000000088e7000 	/System/Library/Frameworks/Carbon.framework/Versions/A/Frameworks/CommonPanels.framework/Versions/A/CommonPanels
0x00000000088e7000 	/System/Library/Frameworks/Carbon.framework/Versions/A/Frameworks/Help.framework/Versions/A/Help
0x00000000088e7000 	/System/Library/Frameworks/Carbon.framework/Versions/A/Frameworks/ImageCapture.framework/Versions/A/ImageCapture
0x00000000088e7000 	/System/Library/Frameworks/Carbon.framework/Versions/A/Frameworks/OpenScripting.framework/Versions/A/OpenScripting
0x00000000088e7000 	/System/Library/Frameworks/Carbon.framework/Versions/A/Frameworks/Print.framework/Versions/A/Print
0x00000000088e7000 	/System/Library/Frameworks/Carbon.framework/Versions/A/Frameworks/SecurityHI.framework/Versions/A/SecurityHI
0x000000011f204000 	/Library/Java/JavaVirtualMachines/jdk1.7.0_40.jdk/Contents/Home/jre/lib/libawt.dylib
0x000000011f2b3000 	/Library/Java/JavaVirtualMachines/jdk1.7.0_40.jdk/Contents/Home/jre/lib/./libmlib_image.dylib
0x000000011f37f000 	/Library/Java/JavaVirtualMachines/jdk1.7.0_40.jdk/Contents/Home/jre/lib/lwawt/liblwawt.dylib
0x000000011f433000 	/Library/Java/JavaVirtualMachines/jdk1.7.0_40.jdk/Contents/Home/jre/lib/libosxapp.dylib
0x000000011f44d000 	/System/Library/Frameworks/ExceptionHandling.framework/Versions/A/ExceptionHandling
0x00000000088e7000 	/System/Library/PrivateFrameworks/CoreServicesInternal.framework/Versions/A/CoreServicesInternal
0x00000000088e7000 	/System/Library/PrivateFrameworks/Librarian.framework/Versions/A/Librarian
0x00000000088e7000 	/System/Library/Frameworks/ApplicationServices.framework/Versions/A/Frameworks/CoreGraphics.framework/Versions/A/Resources/libCSync.A.dylib
0x00000000088e7000 	/System/Library/Frameworks/ApplicationServices.framework/Versions/A/Frameworks/CoreGraphics.framework/Versions/A/Resources/libRIP.A.dylib
0x00000000088e7000 	/System/Library/Frameworks/ApplicationServices.framework/Versions/A/Frameworks/CoreGraphics.framework/Versions/A/Resources/libCGXType.A.dylib
0x0000000122f81000 	/System/Library/Frameworks/OpenGL.framework/Resources/GLEngine.bundle/GLEngine
0x0000000123176000 	/System/Library/Frameworks/OpenGL.framework/Versions/A/Libraries/libGLProgrammability.dylib
0x0000000000000000 	/System/Library/Extensions/GeForceGLDriver.bundle/Contents/MacOS/GeForceGLDriver
0x0000000120828000 	/System/Library/PrivateFrameworks/GPUSupport.framework/Versions/A/Libraries/libGPUSupport.dylib
0x00000000088e7000 	/System/Library/Extensions/GeForceGLDriver.bundle/Contents/MacOS/libclh.dylib
0x000000012331e000 	/System/Library/Extensions/AppleIntelHD4000GraphicsGLDriver.bundle/Contents/MacOS/AppleIntelHD4000GraphicsGLDriver
0x000000012083d000 	/System/Library/PrivateFrameworks/IOAccelerator.framework/Versions/A/IOAccelerator
0x000000012084a000 	/System/Library/PrivateFrameworks/GPUSupport.framework/Versions/A/Libraries/libGPUSupportMercury.dylib
0x00000001215f2000 	/System/Library/Frameworks/OpenGL.framework/Resources//GLRendererFloat.bundle/GLRendererFloat
0x0000000120861000 	/System/Library/Frameworks/OpenCL.framework/Versions/A/Libraries/libcldcpuengine.dylib
0x00000000088e7000 	/System/Library/PrivateFrameworks/DiskImages.framework/Versions/A/DiskImages
0x00000000088e7000 	/System/Library/Frameworks/DiscRecording.framework/Versions/A/DiscRecording
0x00000000088e7000 	/usr/lib/libcurl.4.dylib
0x00000000088e7000 	/System/Library/PrivateFrameworks/MediaKit.framework/Versions/A/MediaKit
0x00000000088e7000 	/usr/lib/libssl.0.9.8.dylib
0x00000000088e7000 	/usr/lib/libcrypto.0.9.8.dylib
0x00000000088e7000 	/System/Library/Frameworks/LDAP.framework/Versions/A/LDAP
0x00000000088e7000 	/usr/lib/libsasl2.2.dylib
0x0000000124347000 	/Library/Java/JavaVirtualMachines/jdk1.7.0_40.jdk/Contents/Home/jre/lib/libfontmanager.dylib
0x00000001243b1000 	/Library/Java/JavaVirtualMachines/jdk1.7.0_40.jdk/Contents/Home/jre/lib/libosxui.dylib
0x0000000126b35000 	/Library/Java/JavaVirtualMachines/jdk1.7.0_40.jdk/Contents/Home/jre/lib/libnet.dylib
0x00000001267bd000 	/Library/Java/JavaVirtualMachines/jdk1.7.0_40.jdk/Contents/Home/jre/lib/libnio.dylib
0x0000000127af7000 	/Library/Java/JavaVirtualMachines/jdk1.7.0_40.jdk/Contents/Home/jre/lib/libdcpr.dylib

VM Arguments:
jvm_args: -Dfile.encoding=US-ASCII 
java_command: view.MainView
Launcher Type: SUN_STANDARD

Environment Variables:
PATH=/usr/bin:/bin:/usr/sbin:/sbin
SHELL=/bin/bash

Signal Handlers:
SIGSEGV: [libjvm.dylib+0x524b25], sa_mask[0]=0xfffefeff, sa_flags=0x00000043
SIGBUS: [libjvm.dylib+0x524b25], sa_mask[0]=0xfffefeff, sa_flags=0x00000042
SIGFPE: [libjvm.dylib+0x4180e6], sa_mask[0]=0xfffefeff, sa_flags=0x00000042
SIGPIPE: [libjvm.dylib+0x4180e6], sa_mask[0]=0xfffefeff, sa_flags=0x00000042
SIGXFSZ: [libjvm.dylib+0x4180e6], sa_mask[0]=0xfffefeff, sa_flags=0x00000042
SIGILL: [libjvm.dylib+0x4180e6], sa_mask[0]=0xfffefeff, sa_flags=0x00000042
SIGUSR1: SIG_DFL, sa_mask[0]=0x00000000, sa_flags=0x00000002
SIGUSR2: [libjvm.dylib+0x417bd8], sa_mask[0]=0x00000004, sa_flags=0x00000042
SIGHUP: [libjvm.dylib+0x415e67], sa_mask[0]=0xfffefeff, sa_flags=0x00000042
SIGINT: [libjvm.dylib+0x415e67], sa_mask[0]=0xfffefeff, sa_flags=0x00000042
SIGTERM: [libjvm.dylib+0x415e67], sa_mask[0]=0xfffefeff, sa_flags=0x00000042
SIGQUIT: [libjvm.dylib+0x415e67], sa_mask[0]=0xfffefeff, sa_flags=0x00000042


---------------  S Y S T E M  ---------------

OS:Bsduname:Darwin 12.5.0 Darwin Kernel Version 12.5.0: Sun Sep 29 13:33:47 PDT 2013; root:xnu-2050.48.12~1/RELEASE_X86_64 x86_64
rlimit: STACK 8192k, CORE 0k, NPROC 709, NOFILE 10240, AS infinity
load average:1.31 1.28 1.22

CPU:total 8 (4 cores per cpu, 2 threads per core) family 6 model 58 stepping 9, cmov, cx8, fxsr, mmx, sse, sse2, sse3, ssse3, sse4.1, sse4.2, popcnt, avx, aes, erms, ht, tsc, tscinvbit, tscinv

Memory: 4k page, physical 16777216k(4194304k free)

/proc/meminfo:


vm_info: Java HotSpot(TM) 64-Bit Server VM (24.0-b56) for bsd-amd64 JRE (1.7.0_40-b43), built on Aug 26 2013 21:29:19 by "java_re" with gcc 4.2.1 (Based on Apple Inc. build 5658) (LLVM build 2336.11.00)

time: Thu Jan  9 10:05:40 2014
elapsed time: 83830 seconds

