#
# A fatal error has been detected by the Java Runtime Environment:
#
#  SIGSEGV (0xb) at pc=0x000000011790a4b9, pid=3508, tid=40991
#
# JRE version: Java(TM) SE Runtime Environment (7.0_40-b43) (build 1.7.0_40-b43)
# Java VM: Java HotSpot(TM) 64-Bit Server VM (24.0-b56 mixed mode bsd-amd64 compressed oops)
# Problematic frame:
# C  [liblwawt.dylib+0x124b9]  OGLSD_SetScratchSurface+0x3d
#
# Failed to write core dump. Core dumps have been disabled. To enable core dumping, try "ulimit -c unlimited" before starting Java again
#
# If you would like to submit a bug report, please visit:
#   http://bugreport.sun.com/bugreport/crash.jsp
# The crash happened outside the Java Virtual Machine in native code.
# See problematic frame for where to report the bug.
#

---------------  T H R E A D  ---------------

Current thread (0x00007f8b758b6800):  JavaThread "Java2D Queue Flusher" daemon [_thread_in_native, id=40991, stack(0x000000011b47b000,0x000000011b57b000)]

siginfo:si_signo=SIGSEGV: si_errno=0, si_code=0 (SEGV0), si_addr=0x0000000000000000

Registers:
RAX=0x00007f8b750a6050, RBX=0x00007f8b758b69e8, RCX=0x00007f8b750a6058, RDX=0x00000000a1a1a1a1
RSP=0x000000011b57a850, RBP=0x000000011b57a870, RSI=0x00007f8b750a6000, RDI=0x00007f8b750a6050
R8 =0x0000000000002060, R9 =0x000000011b57a7b0, R10=0x0000000107d0466c, R11=0x00000001075399af
R12=0x0000000000000000, R13=0x00000006fb1e7130, R14=0x00007f8b79e20002, R15=0x221000007fff796e
RIP=0x000000011790a4b9, EFLAGS=0x0000000000010206, ERR=0x0000000000000000
  TRAPNO=0x000000000000000d

Top of Stack: (sp=0x000000011b57a850)
0x000000011b57a850:   00007f8b79e24fe0 0000000000000000
0x000000011b57a860:   00007f8b758b9010 00007f8b758b6800
0x000000011b57a870:   000000011b57a8f0 00000001178fff06
0x000000011b57a880:   00007f8b758b6800 000000000000b503
0x000000011b57a890:   00007f8b74a31d00 0000000200000001
0x000000011b57a8a0:   00000000fb937d68 0000000000000000
0x000000011b57a8b0:   0000000000000000 00007f8b758b9020
0x000000011b57a8c0:   000000010057a930 00007f8b758b69e8
0x000000011b57a8d0:   00000006fb1e7130 0000000000000000
0x000000011b57a8e0:   000000011b57a998 00007f8b758b6800
0x000000011b57a8f0:   000000011b57a960 0000000107d04698
0x000000011b57a900:   00007f8b758b6800 00007f8b74a31808
0x000000011b57a910:   000000011b57a940 0000000107588bb3
0x000000011b57a920:   000000011b57a920 0000000000000000
0x000000011b57a930:   000000011b57a998 00000006fb1e8908
0x000000011b57a940:   0000000000000000 00000006fb1e7130
0x000000011b57a950:   0000000000000000 000000011b57a980
0x000000011b57a960:   000000011b57a9e0 0000000107cf8058
0x000000011b57a970:   0000000000000000 0000000107d00cd8
0x000000011b57a980:   0000000000000020 00007f8b758b9000
0x000000011b57a990:   00000007aeb2b5b0 00000007aeb2b598
0x000000011b57a9a0:   000000011b57a9a0 00000006fb1e7215
0x000000011b57a9b0:   000000011b57a9f8 00000006fb1e8908
0x000000011b57a9c0:   0000000000000000 00000006fb1e7238
0x000000011b57a9d0:   000000011b57a980 000000011b57aa00
0x000000011b57a9e0:   00000006fae236e8 0000000107d907f8
0x000000011b57a9f0:   0000000000000020 00000007aeb2b598
0x000000011b57aa00:   000000011b57aa58 00000007aeb28000
0x000000011b57aa10:   0000000600000000 00000007aeb28000
0x000000011b57aa20:   0000000000000000 000000011b57aa58
0x000000011b57aa30:   0000000000000001 0000000107cf24e7
0x000000011b57aa40:   000000011b57aac0 0000000107cf24e7 

Instructions: (pc=0x000000011790a4b9)
0x000000011790a499:   c0 be 01 00 00 00 e8 2a 27 03 00 31 c0 eb 6d 48
0x000000011790a4a9:   89 fb 4c 8b 76 10 4d 8b 3e 30 c0 e8 e9 2b 03 00
0x000000011790a4b9:   49 8b 3f 49 89 c4 48 8b 35 02 75 06 00 30 c0 e8
0x000000011790a4c9:   5b 2d 03 00 48 85 c0 75 4c 30 c0 e8 1f 61 ff ff 

Register to memory mapping:

RAX=0x00007f8b750a6050 is an unknown value
RBX=0x00007f8b758b69e8 is an unknown value
RCX=0x00007f8b750a6058 is an unknown value
RDX=0x00000000a1a1a1a1 is an unknown value
RSP=0x000000011b57a850 is pointing into the stack for thread: 0x00007f8b758b6800
RBP=0x000000011b57a870 is pointing into the stack for thread: 0x00007f8b758b6800
RSI=0x00007f8b750a6000 is an unknown value
RDI=0x00007f8b750a6050 is an unknown value
R8 =0x0000000000002060 is an unknown value
R9 =0x000000011b57a7b0 is pointing into the stack for thread: 0x00007f8b758b6800
R10=0x0000000107d0466c is at code_begin+620 in an Interpreter codelet
method entry point (kind = native)  [0x0000000107d04400, 0x0000000107d04c40]  2112 bytes
R11=0x00000001075399af: throw_unsatisfied_link_error+0 in /Library/Java/JavaVirtualMachines/jdk1.7.0_40.jdk/Contents/Home/jre/lib/server/libjvm.dylib at 0x00000001070ca000
R12=0x0000000000000000 is an unknown value
R13=0x00000006fb1e7130 is an oop
{method} 
 - klass: {other class}
R14=0x00007f8b79e20002 is an unknown value
R15=0x221000007fff796e is an unknown value


Stack: [0x000000011b47b000,0x000000011b57b000],  sp=0x000000011b57a850,  free space=1022k
Native frames: (J=compiled Java code, j=interpreted, Vv=VM code, C=native code)
C  [liblwawt.dylib+0x124b9]  OGLSD_SetScratchSurface+0x3d
C  [liblwawt.dylib+0x7f06]  Java_sun_java2d_opengl_OGLRenderQueue_flushBuffer+0x63a
j  sun.java2d.opengl.OGLRenderQueue.flushBuffer(JI)V+0
j  sun.java2d.opengl.OGLRenderQueue.flushBuffer()V+21

Java frames: (J=compiled Java code, j=interpreted, Vv=VM code)
j  sun.java2d.opengl.OGLRenderQueue.flushBuffer(JI)V+0
j  sun.java2d.opengl.OGLRenderQueue.flushBuffer()V+21
J  sun.java2d.opengl.OGLRenderQueue$QueueFlusher.run()V
v  ~StubRoutines::call_stub

---------------  P R O C E S S  ---------------

Java Threads: ( => current thread )
  0x00007f8b76167000 JavaThread "TimerQueue" daemon [_thread_blocked, id=41479, stack(0x000000011f93a000,0x000000011fa3a000)]
  0x00007f8b76166800 JavaThread "DestroyJavaVM" [_thread_blocked, id=6403, stack(0x0000000107b1d000,0x0000000107c1d000)]
  0x00007f8b7512e000 JavaThread "AWT-EventQueue-0" [_thread_blocked, id=51479, stack(0x000000011dff7000,0x000000011e0f7000)]
  0x00007f8b74037800 JavaThread "Java2D Disposer" daemon [_thread_blocked, id=46339, stack(0x000000011c841000,0x000000011c941000)]
=>0x00007f8b758b6800 JavaThread "Java2D Queue Flusher" daemon [_thread_in_native, id=40991, stack(0x000000011b47b000,0x000000011b57b000)]
  0x00007f8b758a0000 JavaThread "AWT-Shutdown" [_thread_blocked, id=30979, stack(0x0000000118c4f000,0x0000000118d4f000)]
  0x00007f8b75816800 JavaThread "AppKit Thread" daemon [_thread_blocked, id=1799, stack(0x00007fff58463000,0x00007fff58c63000)]
  0x00007f8b76030800 JavaThread "Service Thread" daemon [_thread_blocked, id=25091, stack(0x0000000117516000,0x0000000117616000)]
  0x00007f8b7602f800 JavaThread "C2 CompilerThread1" daemon [_thread_blocked, id=24579, stack(0x0000000117413000,0x0000000117513000)]
  0x00007f8b7602e000 JavaThread "C2 CompilerThread0" daemon [_thread_blocked, id=24067, stack(0x0000000117310000,0x0000000117410000)]
  0x00007f8b76028800 JavaThread "Signal Dispatcher" daemon [_thread_blocked, id=23555, stack(0x000000011720d000,0x000000011730d000)]
  0x00007f8b76022000 JavaThread "Finalizer" daemon [_thread_blocked, id=18947, stack(0x0000000116fbc000,0x00000001170bc000)]
  0x00007f8b7601f000 JavaThread "Reference Handler" daemon [_thread_blocked, id=18435, stack(0x0000000116eb9000,0x0000000116fb9000)]

Other Threads:
  0x00007f8b74016000 VMThread [stack: 0x0000000116db6000,0x0000000116eb6000] [id=17923]
  0x00007f8b75000800 WatcherThread [stack: 0x0000000117619000,0x0000000117719000] [id=25603]

VM state:not at safepoint (normal execution)

VM Mutex/Monitor currently owned by a thread: None

Heap
 PSYoungGen      total 76800K, used 16707K [0x00000007aaa80000, 0x00000007b0000000, 0x0000000800000000)
  eden space 66048K, 9% used [0x00000007aaa80000,0x00000007ab085a80,0x00000007aeb00000)
  from space 10752K, 98% used [0x00000007aeb00000,0x00000007af54b480,0x00000007af580000)
  to   space 10752K, 0% used [0x00000007af580000,0x00000007af580000,0x00000007b0000000)
 ParOldGen       total 174592K, used 8K [0x0000000700000000, 0x000000070aa80000, 0x00000007aaa80000)
  object space 174592K, 0% used [0x0000000700000000,0x0000000700002000,0x000000070aa80000)
 PSPermGen       total 21504K, used 11493K [0x00000006fae00000, 0x00000006fc300000, 0x0000000700000000)
  object space 21504K, 53% used [0x00000006fae00000,0x00000006fb939410,0x00000006fc300000)

Card table byte_map: [0x000000010adb2000,0x000000010b5dc000] byte_map_base: 0x00000001075db000

Polling page: 0x0000000107c5c000

Code Cache  [0x0000000107cf2000, 0x0000000107f62000, 0x000000010acf2000)
 total_blobs=520 nmethods=77 adapters=397 free_code_cache=48512Kb largest_free_block=49653376

Compilation events (10 events):
Event: 1014.807 Thread 0x00007f8b7602f800   73             sun.java2d.opengl.OGLRenderQueue::access$000 (5 bytes)
Event: 1014.807 Thread 0x00007f8b7602e000   72             sun.java2d.pipe.RenderQueue::tryLock (4 bytes)
Event: 1014.807 Thread 0x00007f8b7602f800 nmethod 73 0x0000000107d93690 code [0x0000000107d937c0, 0x0000000107d93818]
Event: 1014.808 Thread 0x00007f8b7602e000 nmethod 72 0x0000000107d97610 code [0x0000000107d97760, 0x0000000107d97878]
Event: 1436.650 Thread 0x00007f8b7602f800   74 %s!         sun.java2d.opengl.OGLRenderQueue$QueueFlusher::run @ 2 (234 bytes)
Event: 1436.660 Thread 0x00007f8b7602f800 nmethod 74% 0x0000000107d902d0 code [0x0000000107d90500, 0x0000000107d90d78]
Event: 6290.831 Thread 0x00007f8b7602e000   75             sun.awt.AWTAutoShutdown::isReadyToShutdown (35 bytes)
Event: 6290.832 Thread 0x00007f8b7602e000 nmethod 75 0x0000000107d91b50 code [0x0000000107d91ca0, 0x0000000107d91da8]
Event: 12562.167 Thread 0x00007f8b7602f800   77             sun.java2d.loops.SurfaceType::getUniqueID (5 bytes)
Event: 12562.168 Thread 0x00007f8b7602f800 nmethod 77 0x0000000107d900d0 code [0x0000000107d90200, 0x0000000107d90258]

GC Heap History (2 events):
Event: 12567.868 GC heap before
{Heap before GC invocations=1 (full 0):
 PSYoungGen      total 76800K, used 64887K [0x00000007aaa80000, 0x00000007b0000000, 0x0000000800000000)
  eden space 66048K, 98% used [0x00000007aaa80000,0x00000007ae9ddc98,0x00000007aeb00000)
  from space 10752K, 0% used [0x00000007af580000,0x00000007af580000,0x00000007b0000000)
  to   space 10752K, 0% used [0x00000007aeb00000,0x00000007aeb00000,0x00000007af580000)
 ParOldGen       total 174592K, used 0K [0x0000000700000000, 0x000000070aa80000, 0x00000007aaa80000)
  object space 174592K, 0% used [0x0000000700000000,0x0000000700000000,0x000000070aa80000)
 PSPermGen       total 21504K, used 11493K [0x00000006fae00000, 0x00000006fc300000, 0x0000000700000000)
  object space 21504K, 53% used [0x00000006fae00000,0x00000006fb939410,0x00000006fc300000)
Event: 12567.875 GC heap after
Heap after GC invocations=1 (full 0):
 PSYoungGen      total 76800K, used 10541K [0x00000007aaa80000, 0x00000007b0000000, 0x0000000800000000)
  eden space 66048K, 0% used [0x00000007aaa80000,0x00000007aaa80000,0x00000007aeb00000)
  from space 10752K, 98% used [0x00000007aeb00000,0x00000007af54b480,0x00000007af580000)
  to   space 10752K, 0% used [0x00000007af580000,0x00000007af580000,0x00000007b0000000)
 ParOldGen       total 174592K, used 8K [0x0000000700000000, 0x000000070aa80000, 0x00000007aaa80000)
  object space 174592K, 0% used [0x0000000700000000,0x0000000700002000,0x000000070aa80000)
 PSPermGen       total 21504K, used 11493K [0x00000006fae00000, 0x00000006fc300000, 0x0000000700000000)
  object space 21504K, 53% used [0x00000006fae00000,0x00000006fb939410,0x00000006fc300000)
}

Deoptimization events (5 events):
Event: 1.148 Thread 0x00007f8b76800000 Uncommon trap: reason=class_check action=maybe_recompile pc=0x0000000107d6834c method=java.lang.String.equals(Ljava/lang/Object;)Z @ 8
Event: 1.149 Thread 0x00007f8b76800000 Uncommon trap: reason=class_check action=maybe_recompile pc=0x0000000107d6834c method=java.lang.String.equals(Ljava/lang/Object;)Z @ 8
Event: 1.149 Thread 0x00007f8b76800000 Uncommon trap: reason=class_check action=maybe_recompile pc=0x0000000107d6834c method=java.lang.String.equals(Ljava/lang/Object;)Z @ 8
Event: 1.149 Thread 0x00007f8b76800000 Uncommon trap: reason=class_check action=maybe_recompile pc=0x0000000107d6834c method=java.lang.String.equals(Ljava/lang/Object;)Z @ 8
Event: 1.196 Thread 0x00007f8b7512e000 Uncommon trap: reason=unloaded action=reinterpret pc=0x0000000107d72040 method=java.lang.CharacterData.of(I)Ljava/lang/CharacterData; @ 96

Internal exceptions (10 events):
Event: 7.759 Thread 0x00007f8b7512e000 Threw 0x00000007ab222928 at /HUDSON/workspace/jdk7u40-2-build-macosx-amd64-product/jdk7u40/hotspot/src/share/vm/prims/jvm.cpp:1244
Event: 7.760 Thread 0x00007f8b7512e000 Threw 0x00000007ab2272f0 at /HUDSON/workspace/jdk7u40-2-build-macosx-amd64-product/jdk7u40/hotspot/src/share/vm/prims/jvm.cpp:1244
Event: 7.768 Thread 0x00007f8b7512e000 Threw 0x00000007ab22ba80 at /HUDSON/workspace/jdk7u40-2-build-macosx-amd64-product/jdk7u40/hotspot/src/share/vm/prims/jvm.cpp:1244
Event: 7.770 Thread 0x00007f8b7512e000 Threw 0x00000007ab234400 at /HUDSON/workspace/jdk7u40-2-build-macosx-amd64-product/jdk7u40/hotspot/src/share/vm/prims/jvm.cpp:1244
Event: 7.771 Thread 0x00007f8b7512e000 Threw 0x00000007ab238250 at /HUDSON/workspace/jdk7u40-2-build-macosx-amd64-product/jdk7u40/hotspot/src/share/vm/prims/jvm.cpp:1244
Event: 7.787 Thread 0x00007f8b7512e000 Threw 0x00000007ab250fb8 at /HUDSON/workspace/jdk7u40-2-build-macosx-amd64-product/jdk7u40/hotspot/src/share/vm/prims/jni.cpp:1632
Event: 7.889 Thread 0x00007f8b7512e000 Threw 0x00000007ab2a9b00 at /HUDSON/workspace/jdk7u40-2-build-macosx-amd64-product/jdk7u40/hotspot/src/share/vm/prims/jvm.cpp:1244
Event: 7.891 Thread 0x00007f8b7512e000 Threw 0x00000007ab2ae300 at /HUDSON/workspace/jdk7u40-2-build-macosx-amd64-product/jdk7u40/hotspot/src/share/vm/prims/jvm.cpp:1244
Event: 7.892 Thread 0x00007f8b7512e000 Threw 0x00000007ab2b1f68 at /HUDSON/workspace/jdk7u40-2-build-macosx-amd64-product/jdk7u40/hotspot/src/share/vm/prims/jvm.cpp:1244
Event: 7.893 Thread 0x00007f8b7512e000 Threw 0x00000007ab2b60b8 at /HUDSON/workspace/jdk7u40-2-build-macosx-amd64-product/jdk7u40/hotspot/src/share/vm/prims/jvm.cpp:1244

Events (10 events):
Event: 12567.877 Executing VM operation: RevokeBias
Event: 12567.877 Executing VM operation: RevokeBias done
Event: 12567.877 Executing VM operation: RevokeBias
Event: 12567.877 Executing VM operation: RevokeBias done
Event: 12567.877 Executing VM operation: RevokeBias
Event: 12567.877 Executing VM operation: RevokeBias done
Event: 12567.877 Executing VM operation: RevokeBias
Event: 12567.877 Executing VM operation: RevokeBias done
Event: 12567.877 Executing VM operation: RevokeBias
Event: 12567.877 Executing VM operation: RevokeBias done


Dynamic libraries:
0x00000000088e7000 	/System/Library/Frameworks/Cocoa.framework/Versions/A/Cocoa
0x00000000088e7000 	/System/Library/Frameworks/Security.framework/Versions/A/Security
0x00000000088e7000 	/System/Library/Frameworks/ApplicationServices.framework/Versions/A/ApplicationServices
0x00000000088e7000 	/usr/lib/libz.1.dylib
0x00000000088e7000 	/usr/lib/libSystem.B.dylib
0x00000000088e7000 	/usr/lib/libobjc.A.dylib
0x00000000088e7000 	/System/Library/Frameworks/CoreFoundation.framework/Versions/A/CoreFoundation
0x00000000088e7000 	/System/Library/Frameworks/Foundation.framework/Versions/C/Foundation
0x00000000088e7000 	/System/Library/Frameworks/AppKit.framework/Versions/C/AppKit
0x00000000088e7000 	/System/Library/Frameworks/CoreData.framework/Versions/A/CoreData
0x00000000088e7000 	/System/Library/PrivateFrameworks/RemoteViewServices.framework/Versions/A/RemoteViewServices
0x00000000088e7000 	/System/Library/Frameworks/AudioToolbox.framework/Versions/A/AudioToolbox
0x00000000088e7000 	/System/Library/Frameworks/AudioUnit.framework/Versions/A/AudioUnit
0x00000000088e7000 	/System/Library/PrivateFrameworks/DataDetectorsCore.framework/Versions/A/DataDetectorsCore
0x00000000088e7000 	/System/Library/PrivateFrameworks/DesktopServicesPriv.framework/Versions/A/DesktopServicesPriv
0x00000000088e7000 	/System/Library/Frameworks/Carbon.framework/Versions/A/Frameworks/HIToolbox.framework/Versions/A/HIToolbox
0x00000000088e7000 	/System/Library/Frameworks/QuartzCore.framework/Versions/A/QuartzCore
0x00000000088e7000 	/System/Library/Frameworks/Carbon.framework/Versions/A/Frameworks/SpeechRecognition.framework/Versions/A/SpeechRecognition
0x00000000088e7000 	/usr/lib/libauto.dylib
0x00000000088e7000 	/usr/lib/libicucore.A.dylib
0x00000000088e7000 	/usr/lib/libxml2.2.dylib
0x00000000088e7000 	/System/Library/PrivateFrameworks/CoreUI.framework/Versions/A/CoreUI
0x00000000088e7000 	/System/Library/Frameworks/CoreAudio.framework/Versions/A/CoreAudio
0x00000000088e7000 	/System/Library/Frameworks/DiskArbitration.framework/Versions/A/DiskArbitration
0x00000000088e7000 	/usr/lib/liblangid.dylib
0x00000000088e7000 	/System/Library/PrivateFrameworks/MultitouchSupport.framework/Versions/A/MultitouchSupport
0x00000000088e7000 	/System/Library/Frameworks/IOKit.framework/Versions/A/IOKit
0x00000000088e7000 	/usr/lib/libDiagnosticMessagesClient.dylib
0x00000000088e7000 	/System/Library/Frameworks/CoreServices.framework/Versions/A/CoreServices
0x00000000088e7000 	/System/Library/PrivateFrameworks/PerformanceAnalysis.framework/Versions/A/PerformanceAnalysis
0x00000000088e7000 	/System/Library/PrivateFrameworks/GenerationalStorage.framework/Versions/A/GenerationalStorage
0x00000000088e7000 	/System/Library/Frameworks/OpenGL.framework/Versions/A/OpenGL
0x00000000088e7000 	/System/Library/Frameworks/CoreText.framework/Versions/A/CoreText
0x00000000088e7000 	/System/Library/Frameworks/ImageIO.framework/Versions/A/ImageIO
0x00000000088e7000 	/System/Library/PrivateFrameworks/Backup.framework/Versions/A/Backup
0x00000000088e7000 	/System/Library/Frameworks/CFNetwork.framework/Versions/A/CFNetwork
0x00000000088e7000 	/System/Library/Frameworks/SystemConfiguration.framework/Versions/A/SystemConfiguration
0x00000000088e7000 	/usr/lib/libCRFSuite.dylib
0x00000000088e7000 	/System/Library/PrivateFrameworks/TCC.framework/Versions/A/TCC
0x00000000088e7000 	/usr/lib/libc++.1.dylib
0x00000000088e7000 	/usr/lib/libc++abi.dylib
0x00000000088e7000 	/usr/lib/system/libcache.dylib
0x00000000088e7000 	/usr/lib/system/libcommonCrypto.dylib
0x00000000088e7000 	/usr/lib/system/libcompiler_rt.dylib
0x00000000088e7000 	/usr/lib/system/libcopyfile.dylib
0x00000000088e7000 	/usr/lib/system/libdispatch.dylib
0x00000000088e7000 	/usr/lib/system/libdnsinfo.dylib
0x00000000088e7000 	/usr/lib/system/libdyld.dylib
0x00000000088e7000 	/usr/lib/system/libkeymgr.dylib
0x00000000088e7000 	/usr/lib/system/liblaunch.dylib
0x00000000088e7000 	/usr/lib/system/libmacho.dylib
0x00000000088e7000 	/usr/lib/system/libquarantine.dylib
0x00000000088e7000 	/usr/lib/system/libremovefile.dylib
0x00000000088e7000 	/usr/lib/system/libsystem_blocks.dylib
0x00000000088e7000 	/usr/lib/system/libsystem_c.dylib
0x00000000088e7000 	/usr/lib/system/libsystem_dnssd.dylib
0x00000000088e7000 	/usr/lib/system/libsystem_info.dylib
0x00000000088e7000 	/usr/lib/system/libsystem_kernel.dylib
0x00000000088e7000 	/usr/lib/system/libsystem_m.dylib
0x00000000088e7000 	/usr/lib/system/libsystem_network.dylib
0x00000000088e7000 	/usr/lib/system/libsystem_notify.dylib
0x00000000088e7000 	/usr/lib/system/libsystem_sandbox.dylib
0x00000000088e7000 	/usr/lib/system/libunc.dylib
0x00000000088e7000 	/usr/lib/system/libunwind.dylib
0x00000000088e7000 	/usr/lib/system/libxpc.dylib
0x00000000088e7000 	/usr/lib/system/libcorecrypto.dylib
0x00000000088e7000 	/usr/lib/libstdc++.6.dylib
0x00000000088e7000 	/usr/lib/libbsm.0.dylib
0x00000000088e7000 	/usr/lib/libsqlite3.dylib
0x00000000088e7000 	/usr/lib/libxar.1.dylib
0x00000000088e7000 	/usr/lib/libpam.2.dylib
0x00000000088e7000 	/usr/lib/libOpenScriptingUtil.dylib
0x00000000088e7000 	/usr/lib/libbz2.1.0.dylib
0x00000000088e7000 	/System/Library/Frameworks/CoreServices.framework/Versions/A/Frameworks/CarbonCore.framework/Versions/A/CarbonCore
0x00000000088e7000 	/System/Library/Frameworks/CoreServices.framework/Versions/A/Frameworks/Metadata.framework/Versions/A/Metadata
0x00000000088e7000 	/System/Library/Frameworks/CoreServices.framework/Versions/A/Frameworks/OSServices.framework/Versions/A/OSServices
0x00000000088e7000 	/System/Library/Frameworks/CoreServices.framework/Versions/A/Frameworks/SearchKit.framework/Versions/A/SearchKit
0x00000000088e7000 	/System/Library/Frameworks/CoreServices.framework/Versions/A/Frameworks/AE.framework/Versions/A/AE
0x00000000088e7000 	/System/Library/Frameworks/CoreServices.framework/Versions/A/Frameworks/LaunchServices.framework/Versions/A/LaunchServices
0x00000000088e7000 	/System/Library/Frameworks/CoreServices.framework/Versions/A/Frameworks/DictionaryServices.framework/Versions/A/DictionaryServices
0x00000000088e7000 	/System/Library/Frameworks/NetFS.framework/Versions/A/NetFS
0x00000000088e7000 	/usr/lib/system/libkxld.dylib
0x00000000088e7000 	/System/Library/PrivateFrameworks/NetAuth.framework/Versions/A/NetAuth
0x00000000088e7000 	/System/Library/Frameworks/OpenDirectory.framework/Versions/A/Frameworks/CFOpenDirectory.framework/Versions/A/CFOpenDirectory
0x00000000088e7000 	/usr/lib/libxslt.1.dylib
0x00000000088e7000 	/System/Library/PrivateFrameworks/FamilyControls.framework/Versions/A/FamilyControls
0x00000000088e7000 	/System/Library/Frameworks/Carbon.framework/Versions/A/Frameworks/Ink.framework/Versions/A/Ink
0x00000000088e7000 	/System/Library/Frameworks/ApplicationServices.framework/Versions/A/Frameworks/CoreGraphics.framework/Versions/A/CoreGraphics
0x00000000088e7000 	/System/Library/Frameworks/ApplicationServices.framework/Versions/A/Frameworks/ATS.framework/Versions/A/ATS
0x00000000088e7000 	/System/Library/Frameworks/ApplicationServices.framework/Versions/A/Frameworks/ColorSync.framework/Versions/A/ColorSync
0x00000000088e7000 	/System/Library/Frameworks/ApplicationServices.framework/Versions/A/Frameworks/HIServices.framework/Versions/A/HIServices
0x00000000088e7000 	/System/Library/Frameworks/ApplicationServices.framework/Versions/A/Frameworks/LangAnalysis.framework/Versions/A/LangAnalysis
0x00000000088e7000 	/System/Library/Frameworks/ApplicationServices.framework/Versions/A/Frameworks/PrintCore.framework/Versions/A/PrintCore
0x00000000088e7000 	/System/Library/Frameworks/ApplicationServices.framework/Versions/A/Frameworks/QD.framework/Versions/A/QD
0x00000000088e7000 	/System/Library/Frameworks/ApplicationServices.framework/Versions/A/Frameworks/SpeechSynthesis.framework/Versions/A/SpeechSynthesis
0x00000000088e7000 	/System/Library/Frameworks/IOSurface.framework/Versions/A/IOSurface
0x00000000088e7000 	/System/Library/Frameworks/Accelerate.framework/Versions/A/Accelerate
0x00000000088e7000 	/System/Library/Frameworks/ApplicationServices.framework/Versions/A/Frameworks/ATS.framework/Versions/A/Resources/libFontParser.dylib
0x00000000088e7000 	/System/Library/Frameworks/ApplicationServices.framework/Versions/A/Frameworks/ATS.framework/Versions/A/Resources/libFontRegistry.dylib
0x00000000088e7000 	/System/Library/Frameworks/Accelerate.framework/Versions/A/Frameworks/vImage.framework/Versions/A/vImage
0x00000000088e7000 	/System/Library/Frameworks/Accelerate.framework/Versions/A/Frameworks/vecLib.framework/Versions/A/vecLib
0x00000000088e7000 	/System/Library/Frameworks/Accelerate.framework/Versions/A/Frameworks/vecLib.framework/Versions/A/libvDSP.dylib
0x00000000088e7000 	/System/Library/Frameworks/Accelerate.framework/Versions/A/Frameworks/vecLib.framework/Versions/A/libvMisc.dylib
0x00000000088e7000 	/System/Library/Frameworks/Accelerate.framework/Versions/A/Frameworks/vecLib.framework/Versions/A/libLAPACK.dylib
0x00000000088e7000 	/System/Library/Frameworks/Accelerate.framework/Versions/A/Frameworks/vecLib.framework/Versions/A/libBLAS.dylib
0x00000000088e7000 	/System/Library/Frameworks/ImageIO.framework/Versions/A/Resources/libJPEG.dylib
0x00000000088e7000 	/System/Library/Frameworks/ImageIO.framework/Versions/A/Resources/libTIFF.dylib
0x00000000088e7000 	/System/Library/Frameworks/ImageIO.framework/Versions/A/Resources/libPng.dylib
0x00000000088e7000 	/System/Library/Frameworks/ImageIO.framework/Versions/A/Resources/libGIF.dylib
0x00000000088e7000 	/System/Library/Frameworks/ImageIO.framework/Versions/A/Resources/libJP2.dylib
0x00000000088e7000 	/System/Library/Frameworks/ImageIO.framework/Versions/A/Resources/libRadiance.dylib
0x00000000088e7000 	/usr/lib/libcups.2.dylib
0x00000000088e7000 	/System/Library/Frameworks/Kerberos.framework/Versions/A/Kerberos
0x00000000088e7000 	/System/Library/Frameworks/GSS.framework/Versions/A/GSS
0x00000000088e7000 	/usr/lib/libresolv.9.dylib
0x00000000088e7000 	/usr/lib/libiconv.2.dylib
0x00000000088e7000 	/System/Library/PrivateFrameworks/Heimdal.framework/Versions/A/Heimdal
0x00000000088e7000 	/System/Library/PrivateFrameworks/TrustEvaluationAgent.framework/Versions/A/TrustEvaluationAgent
0x00000000088e7000 	/System/Library/Frameworks/OpenDirectory.framework/Versions/A/OpenDirectory
0x00000000088e7000 	/System/Library/PrivateFrameworks/CommonAuth.framework/Versions/A/CommonAuth
0x00000000088e7000 	/System/Library/PrivateFrameworks/Bom.framework/Versions/A/Bom
0x00000000088e7000 	/System/Library/Frameworks/CoreVideo.framework/Versions/A/CoreVideo
0x00000000088e7000 	/System/Library/Frameworks/QuartzCore.framework/Versions/A/Frameworks/CoreImage.framework/Versions/A/CoreImage
0x00000000088e7000 	/System/Library/Frameworks/QuartzCore.framework/Versions/A/Frameworks/ScalableUserInterface.framework/Versions/A/ScalableUserInterface
0x00000000088e7000 	/System/Library/Frameworks/OpenGL.framework/Versions/A/Libraries/libGLU.dylib
0x00000000088e7000 	/System/Library/Frameworks/OpenGL.framework/Versions/A/Libraries/libGFXShared.dylib
0x00000000088e7000 	/System/Library/Frameworks/OpenGL.framework/Versions/A/Libraries/libGL.dylib
0x00000000088e7000 	/System/Library/Frameworks/OpenGL.framework/Versions/A/Libraries/libGLImage.dylib
0x00000000088e7000 	/System/Library/Frameworks/OpenGL.framework/Versions/A/Libraries/libCVMSPluginSupport.dylib
0x00000000088e7000 	/System/Library/Frameworks/OpenGL.framework/Versions/A/Libraries/libCoreVMClient.dylib
0x00000000088e7000 	/System/Library/PrivateFrameworks/CrashReporterSupport.framework/Versions/A/CrashReporterSupport
0x00000000088e7000 	/System/Library/Frameworks/OpenCL.framework/Versions/A/OpenCL
0x00000000088e7000 	/System/Library/PrivateFrameworks/FaceCoreLight.framework/Versions/A/FaceCoreLight
0x00000000088e7000 	/System/Library/PrivateFrameworks/AppleFSCompression.framework/Versions/A/AppleFSCompression
0x00000000088e7000 	/System/Library/PrivateFrameworks/Ubiquity.framework/Versions/A/Ubiquity
0x00000000088e7000 	/System/Library/Frameworks/ServiceManagement.framework/Versions/A/ServiceManagement
0x00000000088e7000 	/System/Library/PrivateFrameworks/ChunkingLibrary.framework/Versions/A/ChunkingLibrary
0x00000000088e7000 	/System/Library/Frameworks/vecLib.framework/Versions/A/vecLib
0x00000000088e7000 	/System/Library/Frameworks/SecurityFoundation.framework/Versions/A/SecurityFoundation
0x00000000088e7000 	/System/Library/PrivateFrameworks/CommerceKit.framework/Versions/A/Frameworks/CommerceCore.framework/Versions/A/CommerceCore
0x00000000088e7000 	/System/Library/PrivateFrameworks/CoreSymbolication.framework/Versions/A/CoreSymbolication
0x00000000088e7000 	/System/Library/PrivateFrameworks/Symbolication.framework/Versions/A/Symbolication
0x00000000088e7000 	/System/Library/PrivateFrameworks/DebugSymbols.framework/Versions/A/DebugSymbols
0x00000001070ca000 	/Library/Java/JavaVirtualMachines/jdk1.7.0_40.jdk/Contents/Home/jre/lib/server/libjvm.dylib
0x0000000107c1f000 	/Library/Java/JavaVirtualMachines/jdk1.7.0_40.jdk/Contents/Home/jre/lib/libverify.dylib
0x0000000107c2c000 	/Library/Java/JavaVirtualMachines/jdk1.7.0_40.jdk/Contents/Home/jre/lib/libjava.dylib
0x0000000107ce9000 	/Library/Java/JavaVirtualMachines/jdk1.7.0_40.jdk/Contents/Home/jre/lib/libzip.dylib
0x00000001170be000 	/System/Library/Frameworks/JavaVM.framework/Frameworks/JavaRuntimeSupport.framework/JavaRuntimeSupport
0x00000001170d6000 	/System/Library/Frameworks/JavaVM.framework/Versions/A/Frameworks/JavaNativeFoundation.framework/Versions/A/JavaNativeFoundation
0x00000001170eb000 	/System/Library/Frameworks/JavaVM.framework/Versions/A/JavaVM
0x00000000088e7000 	/System/Library/Frameworks/Carbon.framework/Versions/A/Carbon
0x00000001170f8000 	/System/Library/PrivateFrameworks/JavaLaunching.framework/Versions/A/JavaLaunching
0x00000000088e7000 	/System/Library/Frameworks/Carbon.framework/Versions/A/Frameworks/CommonPanels.framework/Versions/A/CommonPanels
0x00000000088e7000 	/System/Library/Frameworks/Carbon.framework/Versions/A/Frameworks/Help.framework/Versions/A/Help
0x00000000088e7000 	/System/Library/Frameworks/Carbon.framework/Versions/A/Frameworks/ImageCapture.framework/Versions/A/ImageCapture
0x00000000088e7000 	/System/Library/Frameworks/Carbon.framework/Versions/A/Frameworks/OpenScripting.framework/Versions/A/OpenScripting
0x00000000088e7000 	/System/Library/Frameworks/Carbon.framework/Versions/A/Frameworks/Print.framework/Versions/A/Print
0x00000000088e7000 	/System/Library/Frameworks/Carbon.framework/Versions/A/Frameworks/SecurityHI.framework/Versions/A/SecurityHI
0x000000011777d000 	/Library/Java/JavaVirtualMachines/jdk1.7.0_40.jdk/Contents/Home/jre/lib/libawt.dylib
0x000000011782c000 	/Library/Java/JavaVirtualMachines/jdk1.7.0_40.jdk/Contents/Home/jre/lib/./libmlib_image.dylib
0x00000001178f8000 	/Library/Java/JavaVirtualMachines/jdk1.7.0_40.jdk/Contents/Home/jre/lib/lwawt/liblwawt.dylib
0x00000001179ac000 	/Library/Java/JavaVirtualMachines/jdk1.7.0_40.jdk/Contents/Home/jre/lib/libosxapp.dylib
0x00000001179c6000 	/System/Library/Frameworks/ExceptionHandling.framework/Versions/A/ExceptionHandling
0x00000000088e7000 	/System/Library/PrivateFrameworks/CoreServicesInternal.framework/Versions/A/CoreServicesInternal
0x00000000088e7000 	/System/Library/PrivateFrameworks/Librarian.framework/Versions/A/Librarian
0x00000000088e7000 	/System/Library/Frameworks/ApplicationServices.framework/Versions/A/Frameworks/CoreGraphics.framework/Versions/A/Resources/libCSync.A.dylib
0x00000000088e7000 	/System/Library/Frameworks/ApplicationServices.framework/Versions/A/Frameworks/CoreGraphics.framework/Versions/A/Resources/libRIP.A.dylib
0x00000000088e7000 	/System/Library/Frameworks/ApplicationServices.framework/Versions/A/Frameworks/CoreGraphics.framework/Versions/A/Resources/libCGXType.A.dylib
0x000000011b57d000 	/System/Library/Frameworks/OpenGL.framework/Resources/GLEngine.bundle/GLEngine
0x000000011b772000 	/System/Library/Frameworks/OpenGL.framework/Versions/A/Libraries/libGLProgrammability.dylib
0x0000000000000000 	/System/Library/Extensions/GeForceGLDriver.bundle/Contents/MacOS/GeForceGLDriver
0x0000000118da1000 	/System/Library/PrivateFrameworks/GPUSupport.framework/Versions/A/Libraries/libGPUSupport.dylib
0x00000000088e7000 	/System/Library/Extensions/GeForceGLDriver.bundle/Contents/MacOS/libclh.dylib
0x000000011b91a000 	/System/Library/Extensions/AppleIntelHD4000GraphicsGLDriver.bundle/Contents/MacOS/AppleIntelHD4000GraphicsGLDriver
0x0000000118db6000 	/System/Library/PrivateFrameworks/IOAccelerator.framework/Versions/A/IOAccelerator
0x0000000118dc3000 	/System/Library/PrivateFrameworks/GPUSupport.framework/Versions/A/Libraries/libGPUSupportMercury.dylib
0x0000000119b6b000 	/System/Library/Frameworks/OpenGL.framework/Resources//GLRendererFloat.bundle/GLRendererFloat
0x0000000118dda000 	/System/Library/Frameworks/OpenCL.framework/Versions/A/Libraries/libcldcpuengine.dylib
0x00000000088e7000 	/System/Library/PrivateFrameworks/DiskImages.framework/Versions/A/DiskImages
0x00000000088e7000 	/System/Library/Frameworks/DiscRecording.framework/Versions/A/DiscRecording
0x00000000088e7000 	/usr/lib/libcurl.4.dylib
0x00000000088e7000 	/System/Library/PrivateFrameworks/MediaKit.framework/Versions/A/MediaKit
0x00000000088e7000 	/usr/lib/libssl.0.9.8.dylib
0x00000000088e7000 	/usr/lib/libcrypto.0.9.8.dylib
0x00000000088e7000 	/System/Library/Frameworks/LDAP.framework/Versions/A/LDAP
0x00000000088e7000 	/usr/lib/libsasl2.2.dylib
0x000000011c943000 	/Library/Java/JavaVirtualMachines/jdk1.7.0_40.jdk/Contents/Home/jre/lib/libfontmanager.dylib
0x000000011c9ad000 	/Library/Java/JavaVirtualMachines/jdk1.7.0_40.jdk/Contents/Home/jre/lib/libosxui.dylib
0x000000011f115000 	/Library/Java/JavaVirtualMachines/jdk1.7.0_40.jdk/Contents/Home/jre/lib/libnet.dylib
0x000000011edd6000 	/Library/Java/JavaVirtualMachines/jdk1.7.0_40.jdk/Contents/Home/jre/lib/libnio.dylib
0x000000011fcde000 	/Library/Java/JavaVirtualMachines/jdk1.7.0_40.jdk/Contents/Home/jre/lib/libdcpr.dylib

VM Arguments:
jvm_args: -Dfile.encoding=US-ASCII 
java_command: view.MainView
Launcher Type: SUN_STANDARD

Environment Variables:
PATH=/usr/bin:/bin:/usr/sbin:/sbin
SHELL=/bin/bash

Signal Handlers:
SIGSEGV: [libjvm.dylib+0x524b25], sa_mask[0]=0xfffefeff, sa_flags=0x00000043
SIGBUS: [libjvm.dylib+0x524b25], sa_mask[0]=0xfffefeff, sa_flags=0x00000042
SIGFPE: [libjvm.dylib+0x4180e6], sa_mask[0]=0xfffefeff, sa_flags=0x00000042
SIGPIPE: [libjvm.dylib+0x4180e6], sa_mask[0]=0xfffefeff, sa_flags=0x00000042
SIGXFSZ: [libjvm.dylib+0x4180e6], sa_mask[0]=0xfffefeff, sa_flags=0x00000042
SIGILL: [libjvm.dylib+0x4180e6], sa_mask[0]=0xfffefeff, sa_flags=0x00000042
SIGUSR1: SIG_DFL, sa_mask[0]=0x00000000, sa_flags=0x00000002
SIGUSR2: [libjvm.dylib+0x417bd8], sa_mask[0]=0x00000004, sa_flags=0x00000042
SIGHUP: [libjvm.dylib+0x415e67], sa_mask[0]=0xfffefeff, sa_flags=0x00000042
SIGINT: [libjvm.dylib+0x415e67], sa_mask[0]=0xfffefeff, sa_flags=0x00000042
SIGTERM: [libjvm.dylib+0x415e67], sa_mask[0]=0xfffefeff, sa_flags=0x00000042
SIGQUIT: [libjvm.dylib+0x415e67], sa_mask[0]=0xfffefeff, sa_flags=0x00000042


---------------  S Y S T E M  ---------------

OS:Bsduname:Darwin 12.5.0 Darwin Kernel Version 12.5.0: Sun Sep 29 13:33:47 PDT 2013; root:xnu-2050.48.12~1/RELEASE_X86_64 x86_64
rlimit: STACK 8192k, CORE 0k, NPROC 709, NOFILE 10240, AS infinity
load average:1.77 1.14 1.04

CPU:total 8 (4 cores per cpu, 2 threads per core) family 6 model 58 stepping 9, cmov, cx8, fxsr, mmx, sse, sse2, sse3, ssse3, sse4.1, sse4.2, popcnt, avx, aes, erms, ht, tsc, tscinvbit, tscinv

Memory: 4k page, physical 16777216k(4194304k free)

/proc/meminfo:


vm_info: Java HotSpot(TM) 64-Bit Server VM (24.0-b56) for bsd-amd64 JRE (1.7.0_40-b43), built on Aug 26 2013 21:29:19 by "java_re" with gcc 4.2.1 (Based on Apple Inc. build 5658) (LLVM build 2336.11.00)

time: Tue Jan  7 13:36:37 2014
elapsed time: 12567 seconds

